<?xml version="1.0" encoding="utf-8"?><testsuites name="pytest tests"><testsuite name="pytest" errors="0" failures="1" skipped="8" tests="320" time="25.467" timestamp="2026-05-29T07:06:24.733977-07:00" hostname="DESKTOP-6QQ1EQE"><testcase classname="tests.test_apply_missing_provenance" name="test_apply_rejects_empty_source_artifact" time="0.011" /><testcase classname="tests.test_apply_missing_provenance" name="test_apply_rejects_missing_source_artifact_field" time="0.008" /><testcase classname="tests.test_apply_prevalidation" name="test_invalid_foreshadow_transition_rejected" time="0.007" /><testcase classname="tests.test_apply_rejects_derived_source" name="test_derived_source_artifact_rejected_in_apply" time="0.007" /><testcase classname="tests.test_apply_rejects_derived_source" name="test_is_derived_true_rejected_in_apply" time="0.007" /><testcase classname="tests.test_apply_rejects_derived_source" name="test_valid_source_passes_apply" time="0.014" /><testcase classname="tests.test_apply_rejects_derived_source" name="test_traces_path_rejected_in_apply" time="0.007" /><testcase classname="tests.test_arc_state_guard" name="test_arc_state_manager_initialize_uses_guard" time="0.007" /><testcase classname="tests.test_arc_state_guard" name="test_arc_state_manager_save_uses_guard" time="0.008" /><testcase classname="tests.test_arc_state_guard" name="test_arc_state_manager_symlink_escape_rejected" time="0.006"><skipped type="pytest.skip" message="Symlink creation not supported (requires admin on Windows)">E:\Project\Write-toy-arc-dry-run\tests\test_arc_state_guard.py:49: Symlink creation not supported (requires admin on Windows)</skipped></testcase><testcase classname="tests.test_arc_state_manager" name="test_init_from_canon" time="0.006" /><testcase classname="tests.test_arc_state_manager" name="test_merge_proposal" time="0.007" /><testcase classname="tests.test_arc_state_manager" name="test_cascade_invalidation" time="0.007" /><testcase classname="tests.test_arc_state_manager" name="test_mark_chapters_rejected" time="0.007" /><testcase classname="tests.test_arc_state_manager" name="test_aws_canon_conflict_detected" time="0.006" /><testcase classname="tests.test_atomic_apply" name="test_canonicalizer_copies_drafts" time="0.009" /><testcase classname="tests.test_atomic_apply" name="test_atomic_apply_happy_path" time="0.015" /><testcase classname="tests.test_atomic_apply" name="test_atomic_apply_duplicate_rejected" time="0.015" /><testcase classname="tests.test_atomic_apply_security" name="test_unknown_schema_version_rejected" time="0.007" /><testcase classname="tests.test_atomic_apply_security" name="test_rollback_deletes_new_ledger_files" time="0.012" /><testcase classname="tests.test_atomic_apply_security" name="test_consumed_write_fail_rolls_back_apply_record" time="0.015" /><testcase classname="tests.test_atomic_apply_security" name="test_canonicalize_failure_full_rollback" time="0.018" /><testcase classname="tests.test_atomic_apply_security" name="test_schema_validation_on_ledger_diff" time="0.006" /><testcase classname="tests.test_canonical_hash_protocol.TestTextCanonicalization" name="test_lf_and_crlf_same_hash" time="0.002" /><testcase classname="tests.test_canonical_hash_protocol.TestTextCanonicalization" name="test_bom_removed" time="0.002" /><testcase classname="tests.test_canonical_hash_protocol.TestTextCanonicalization" name="test_trailing_whitespace_stripped" time="0.002" /><testcase classname="tests.test_canonical_hash_protocol.TestTextCanonicalization" name="test_final_newline_normalized" time="0.002" /><testcase classname="tests.test_canonical_hash_protocol.TestTextCanonicalization" name="test_nfc_nfd_same_hash" time="0.003" /><testcase classname="tests.test_canonical_hash_protocol.TestTextCanonicalization" name="test_crlf_plus_nfd_same_as_lf_nfc" time="0.002" /><testcase classname="tests.test_canonical_hash_protocol.TestTextCanonicalization" name="test_different_content_different_hash" time="0.002" /><testcase classname="tests.test_canonical_hash_protocol.TestTextCanonicalization" name="test_canonicalize_text_string" time="0.001" /><testcase classname="tests.test_canonical_hash_protocol.TestJsonCanonicalization" name="test_json_key_order_irrelevant" time="0.002" /><testcase classname="tests.test_canonical_hash_protocol.TestJsonCanonicalization" name="test_json_pretty_compact_same" time="0.002" /><testcase classname="tests.test_canonical_hash_protocol.TestJsonCanonicalization" name="test_json_different_values_different_hash" time="0.002" /><testcase classname="tests.test_canonical_hash_protocol.TestFloatRejection" name="test_integer_passes" time="0.000" /><testcase classname="tests.test_canonical_hash_protocol.TestFloatRejection" name="test_string_passes" time="0.000" /><testcase classname="tests.test_canonical_hash_protocol.TestFloatRejection" name="test_float_rejected" time="0.000" /><testcase classname="tests.test_canonical_hash_protocol.TestFloatRejection" name="test_nested_float_rejected" time="0.000" /><testcase classname="tests.test_canonical_hash_protocol.TestFloatRejection" name="test_float_in_list_rejected" time="0.000" /><testcase classname="tests.test_canonical_hash_protocol.TestFloatRejection" name="test_scientific_notation_rejected" time="0.001" /><testcase classname="tests.test_canonical_hash_protocol.TestFloatRejection" name="test_json_canonical_rejects_float" time="0.002" /><testcase classname="tests.test_canonical_hash_protocol.TestHashScopeMatrix" name="test_draft_is_text_canonical" time="0.000" /><testcase classname="tests.test_canonical_hash_protocol.TestHashScopeMatrix" name="test_outline_is_text_canonical" time="0.000" /><testcase classname="tests.test_canonical_hash_protocol.TestHashScopeMatrix" name="test_ledger_is_json_canonical" time="0.001" /><testcase classname="tests.test_canonical_hash_protocol.TestHashScopeMatrix" name="test_aws_is_json_canonical" time="0.000" /><testcase classname="tests.test_canonical_hash_protocol.TestHashScopeMatrix" name="test_summary_is_json_canonical" time="0.000" /><testcase classname="tests.test_canonical_hash_protocol.TestHashScopeMatrix" name="test_metrics_is_not_hashed" time="0.000" /><testcase classname="tests.test_canonical_hash_protocol.TestHashScopeMatrix" name="test_traces_is_not_hashed" time="0.000" /><testcase classname="tests.test_canonical_hash_protocol.TestHashScopeMatrix" name="test_reports_is_not_hashed" time="0.000" /><testcase classname="tests.test_canonical_hash_protocol.TestHashScopeMatrix" name="test_phase2_is_not_hashed" time="0.001" /><testcase classname="tests.test_canonical_hash_protocol.TestHashScopeMatrix" name="test_unknown_ext_is_raw" time="0.000" /><testcase classname="tests.test_chaos" name="test_case1_pov_violation_proposal_validates_but_should_be_caught" time="0.006" /><testcase classname="tests.test_chaos" name="test_case2_fake_evidence_rejected" time="0.006" /><testcase classname="tests.test_chaos" name="test_case2b_unsafe_source_path_rejected" time="0.006" /><testcase classname="tests.test_chaos" name="test_case3_plugin_write_canon_denied" time="0.007" /><testcase classname="tests.test_chaos" name="test_case3b_agent_write_canon_denied" time="0.006" /><testcase classname="tests.test_chaos" name="test_case3c_agent_write_arbs_denied" time="0.007" /><testcase classname="tests.test_chaos" name="test_case4_duplicate_apply_rejected" time="0.015" /><testcase classname="tests.test_chaos" name="test_case4b_consumed_persists_across_manager_instances" time="0.015" /><testcase classname="tests.test_chaos" name="test_dashboard_cannot_be_fact_source" time="0.007" /><testcase classname="tests.test_chapter_effect" name="test_effect_report_valid" time="0.000" /><testcase classname="tests.test_chapter_effect" name="test_effect_report_missing_scene_goal" time="0.000" /><testcase classname="tests.test_chapter_effect" name="test_effect_report_multiple_failures" time="0.000" /><testcase classname="tests.test_chapter_effect" name="test_effect_report_populated_from_extractor_output" time="0.001" /><testcase classname="tests.test_config" name="test_supported_versions_is_set" time="0.001" /><testcase classname="tests.test_config" name="test_pause_taxonomy_has_three_types" time="0.000" /><testcase classname="tests.test_config" name="test_retry_policy_has_defaults" time="0.000" /><testcase classname="tests.test_config" name="test_role_allowlist_excludes_agent_from_canon" time="0.000" /><testcase classname="tests.test_crewai_tools" name="test_write_draft" time="0.008" /><testcase classname="tests.test_crewai_tools" name="test_write_draft_rejects_canon" time="0.007" /><testcase classname="tests.test_crewai_tools" name="test_write_review" time="0.008" /><testcase classname="tests.test_crewai_tools" name="test_write_proposal_valid_json" time="0.007" /><testcase classname="tests.test_crewai_tools" name="test_write_proposal_rejects_invalid_json" time="0.007" /><testcase classname="tests.test_dashboard_not_apply_input" name="test_dashboard_not_usable_as_apply_input" time="0.006" /><testcase classname="tests.test_derived_artifact_policy" name="test_is_derived_artifact" time="0.000" /><testcase classname="tests.test_derived_artifact_policy" name="test_assert_not_derived_source_passes" time="0.000" /><testcase classname="tests.test_derived_artifact_policy" name="test_assert_not_derived_source_rejects_workspace" time="0.001" /><testcase classname="tests.test_derived_artifact_policy" name="test_resolve_under_root_valid" time="0.003" /><testcase classname="tests.test_derived_artifact_policy" name="test_resolve_under_root_rejects_traversal" time="0.002" /><testcase classname="tests.test_derived_artifact_policy" name="test_assert_safe_derived_path_valid" time="0.003" /><testcase classname="tests.test_derived_artifact_policy" name="test_assert_safe_derived_path_rejects_non_workspace" time="0.002" /><testcase classname="tests.test_derived_artifact_policy" name="test_symlink_derived_rejected" time="0.003"><skipped type="pytest.skip" message="Symlink creation not supported (requires admin on Windows)">E:\Project\Write-toy-arc-dry-run\tests\test_derived_artifact_policy.py:71: Symlink creation not supported (requires admin on Windows)</skipped></testcase><testcase classname="tests.test_derived_artifact_policy" name="test_symlink_to_outside_rejected" time="0.003"><skipped type="pytest.skip" message="Symlink creation not supported (requires admin on Windows)">E:\Project\Write-toy-arc-dry-run\tests\test_derived_artifact_policy.py:86: Symlink creation not supported (requires admin on Windows)</skipped></testcase><testcase classname="tests.test_derived_path_hardening" name="test_prefix_collision_not_escaped" time="0.003" /><testcase classname="tests.test_derived_path_hardening" name="test_relative_to_escape_rejected" time="0.003" /><testcase classname="tests.test_derived_path_hardening" name="test_parent_symlink_rejected" time="0.003"><skipped type="pytest.skip" message="Symlink creation not supported (requires admin on Windows)">E:\Project\Write-toy-arc-dry-run\tests\test_derived_path_hardening.py:44: Symlink creation not supported (requires admin on Windows)</skipped></testcase><testcase classname="tests.test_derived_path_hardening" name="test_intermediate_dir_symlink_rejected" time="0.003"><skipped type="pytest.skip" message="Symlink creation not supported (requires admin on Windows)">E:\Project\Write-toy-arc-dry-run\tests\test_derived_path_hardening.py:61: Symlink creation not supported (requires admin on Windows)</skipped></testcase><testcase classname="tests.test_derived_path_hardening" name="test_assert_no_symlink_in_path_clean" time="0.002" /><testcase classname="tests.test_dry_run_synthetic_gates" name="test_non_dryrun_no_gate_raises" time="0.001" /><testcase classname="tests.test_dry_run_synthetic_gates" name="test_synthetic_gate_has_synthetic_true" time="0.000" /><testcase classname="tests.test_dry_run_synthetic_gates" name="test_non_synthetic_gate_default" time="0.000" /><testcase classname="tests.test_dry_run_synthetic_gates" name="test_gate_record_serializes_synthetic" time="0.000" /><testcase classname="tests.test_dry_run_synthetic_gates" name="test_synthetic_gate_rejected_in_non_dryrun" time="0.000" /><testcase classname="tests.test_dry_run_synthetic_gates" name="test_synthetic_gate_accepted_in_dryrun" time="0.000" /><testcase classname="tests.test_dry_run_synthetic_gates" name="test_atomic_apply_rejects_synthetic_gate_in_non_dryrun" time="0.007" /><testcase classname="tests.test_dry_run_synthetic_gates" name="test_atomic_apply_accepts_synthetic_gate_in_dryrun" time="0.014" /><testcase classname="tests.test_e2e_failure_paths" name="test_path_traversal_rejected" time="0.006" /><testcase classname="tests.test_e2e_failure_paths" name="test_gate_evidence_missing_rejected" time="0.000" /><testcase classname="tests.test_e2e_failure_paths" name="test_proposal_invalid_operation" time="0.006" /><testcase classname="tests.test_e2e_failure_paths" name="test_agent_cannot_write_canon" time="0.006" /><testcase classname="tests.test_e2e_failure_paths" name="test_plugin_cannot_write_ledgers" time="0.006" /><testcase classname="tests.test_e2e_failure_paths" name="test_rejected_gate_evidence_required" time="0.001" /><testcase classname="tests.test_e2e_failure_paths" name="test_rejected_gate_with_evidence_accepted" time="0.000" /><testcase classname="tests.test_e2e_failure_paths" name="test_rejected_gate_blocks_apply" time="0.000" /><testcase classname="tests.test_e2e_happy_path" name="test_full_3_chapter_arc" time="0.023" /><testcase classname="tests.test_e2e_replay" name="test_e2e_full_replay" time="0.055" /><testcase classname="tests.test_extractor_budget" name="test_draft_budget_truncates_long_content" time="0.001" /><testcase classname="tests.test_extractor_budget" name="test_draft_budget_preserves_short_content" time="0.001" /><testcase classname="tests.test_extractor_budget" name="test_review_budget_truncates_long_content" time="0.001" /><testcase classname="tests.test_extractor_budget" name="test_review_budget_preserves_short_content" time="0.001" /><testcase classname="tests.test_extractor_budget" name="test_controllable_content_within_budget" time="0.001" /><testcase classname="tests.test_extractor_budget" name="test_budget_constants" time="0.000" /><testcase classname="tests.test_hash_encoding_failure" name="test_utf8_valid_passes" time="0.002" /><testcase classname="tests.test_hash_encoding_failure" name="test_utf8_bom_passes" time="0.003" /><testcase classname="tests.test_hash_encoding_failure" name="test_invalid_utf8_fails" time="0.003" /><testcase classname="tests.test_hash_encoding_failure" name="test_latin1_fails" time="0.002" /><testcase classname="tests.test_hash_encoding_failure" name="test_json_invalid_utf8_fails" time="0.003" /><testcase classname="tests.test_ledger_diff" name="test_timeline_append" time="0.001" /><testcase classname="tests.test_ledger_diff" name="test_generator_preserves_provenance" time="0.000" /><testcase classname="tests.test_ledger_diff" name="test_generator_rejects_derived_source" time="0.000" /><testcase classname="tests.test_ledger_diff" name="test_generator_rejects_missing_provenance" time="0.000" /><testcase classname="tests.test_ledger_diff" name="test_foreshadow_valid_transition" time="0.000" /><testcase classname="tests.test_ledger_diff" name="test_foreshadow_invalid_transition" time="0.000" /><testcase classname="tests.test_ledger_diff" name="test_timeline_correction" time="0.000" /><testcase classname="tests.test_ledger_diff" name="test_character_knowledge_mark_corrected" time="0.000" /><testcase classname="tests.test_lock_manager" name="test_acquire_release" time="0.001" /><testcase classname="tests.test_lock_manager" name="test_context_manager" time="0.001" /><testcase classname="tests.test_lock_manager" name="test_release_unlocked" time="0.001" /><testcase classname="tests.test_lock_manager" name="test_context_manager_finally_releases" time="0.000" /><testcase classname="tests.test_metrics" name="test_record_and_load" time="0.004" /><testcase classname="tests.test_metrics" name="test_generate_report" time="0.004" /><testcase classname="tests.test_metrics_not_retrieval_source" name="test_metrics_not_valid_source" time="0.001" /><testcase classname="tests.test_metrics_not_retrieval_source" name="test_retrieval_trace_not_valid_source" time="0.000" /><testcase classname="tests.test_metrics_not_retrieval_source" name="test_reports_not_valid_source" time="0.000" /><testcase classname="tests.test_metrics_not_retrieval_source" name="test_phase2_meta_not_valid_source" time="0.001" /><testcase classname="tests.test_metrics_not_retrieval_source" name="test_metrics_is_derived" time="0.000" /><testcase classname="tests.test_metrics_not_retrieval_source" name="test_traces_is_derived" time="0.000" /><testcase classname="tests.test_narrative_summary_schema" name="test_valid_summary" time="0.000" /><testcase classname="tests.test_narrative_summary_schema" name="test_summary_must_be_derived" time="0.001" /><testcase classname="tests.test_narrative_summary_schema" name="test_summary_source_must_be_draft" time="0.001" /><testcase classname="tests.test_narrative_summary_schema" name="test_summary_source_not_workspace" time="0.001" /><testcase classname="tests.test_narrative_summary_schema" name="test_summary_with_arc_working_state_rejected" time="0.001" /><testcase classname="tests.test_narrative_summary_schema" name="test_summary_serialization" time="0.001" /><testcase classname="tests.test_negative_security" name="test_symlink_escape_rejected" time="0.007"><skipped type="pytest.skip" message="Symlink creation not supported (requires admin on Windows)">E:\Project\Write-toy-arc-dry-run\tests\test_negative_security.py:27: Symlink creation not supported (requires admin on Windows)</skipped></testcase><testcase classname="tests.test_negative_security" name="test_toctou_symlink_race_rejected" time="0.008"><skipped type="pytest.skip" message="Symlink creation not supported (requires admin on Windows)">E:\Project\Write-toy-arc-dry-run\tests\test_negative_security.py:53: Symlink creation not supported (requires admin on Windows)</skipped></testcase><testcase classname="tests.test_negative_security" name="test_progress_entry_rejects_narrative_fact" time="0.001" /><testcase classname="tests.test_negative_security" name="test_progress_entry_rejects_denylist_keyword" time="0.001" /><testcase classname="tests.test_negative_security" name="test_progress_entry_rejects_ledger_entry_keyword" time="0.000" /><testcase classname="tests.test_negative_security" name="test_progress_entry_rejects_narrative_event_keyword" time="0.000" /><testcase classname="tests.test_negative_security" name="test_progress_entry_allows_safe_details" time="0.000" /><testcase classname="tests.test_negative_security" name="test_apply_midway_failure_rollback" time="0.013" /><testcase classname="tests.test_negative_security" name="test_stale_gate_reused_rejected" time="0.014" /><testcase classname="tests.test_negative_security" name="test_proposal_disguised_as_diff_rejected" time="0.007" /><testcase classname="tests.test_novel_flow" name="test_crewai_import" time="0.000" /><testcase classname="tests.test_novel_flow" name="test_flow_import" time="0.000" /><testcase classname="tests.test_novel_flow" name="test_agents_import" time="0.004" /><testcase classname="tests.test_novel_flow" name="test_context_order_aws_before_canon" time="0.007" /><testcase classname="tests.test_path_safety" name="test_valid_path" time="0.007" /><testcase classname="tests.test_path_safety" name="test_traversal_rejected" time="0.006" /><testcase classname="tests.test_path_safety" name="test_absolute_rejected" time="0.006" /><testcase classname="tests.test_path_safety" name="test_agent_cannot_write_canon" time="0.007" /><testcase classname="tests.test_path_safety" name="test_system_script_can_write_arc_working_state" time="0.008" /><testcase classname="tests.test_path_safety" name="test_system_script_can_write_canon_manuscript" time="0.008" /><testcase classname="tests.test_path_safety" name="test_system_script_can_write_ledgers" time="0.007" /><testcase classname="tests.test_path_safety" name="test_system_script_can_write_gate_record" time="0.007" /><testcase classname="tests.test_path_safety" name="test_system_script_can_write_progress" time="0.007" /><testcase classname="tests.test_path_safety" name="test_system_script_artifact_mismatch_rejected" time="0.008" /><testcase classname="tests.test_path_safety" name="test_system_script_unknown_artifact_type_rejected" time="0.009" /><testcase classname="tests.test_path_safety" name="test_system_script_missing_artifact_type_rejected" time="0.008" /><testcase classname="tests.test_path_safety" name="test_system_script_unrelated_path_rejected" time="0.008" /><testcase classname="tests.test_path_safety" name="test_plugin_cannot_write_canon" time="0.009" /><testcase classname="tests.test_path_safety" name="test_plugin_can_write_inspiration" time="0.009" /><testcase classname="tests.test_path_safety" name="test_system_script_arc_contract_succeeds" time="0.009" /><testcase classname="tests.test_path_safety" name="test_system_script_canon_manuscript_copy_succeeds" time="0.008" /><testcase classname="tests.test_path_safety" name="test_system_script_canon_character_update_succeeds" time="0.008" /><testcase classname="tests.test_path_safety" name="test_system_script_inverse_diff_succeeds" time="0.009" /><testcase classname="tests.test_path_safety" name="test_system_script_inverse_diff_wrong_path_rejected" time="0.009" /><testcase classname="tests.test_path_safety" name="test_system_script_known_types_succeed_unknown_rejected" time="0.013" /><testcase classname="tests.test_path_safety" name="test_intermediate_symlink_rejected_by_guard" time="0.008"><skipped type="pytest.skip" message="Symlink creation not supported (requires admin on Windows)">E:\Project\Write-toy-arc-dry-run\tests\test_path_safety.py:143: Symlink creation not supported (requires admin on Windows)</skipped></testcase><testcase classname="tests.test_path_safety_phase2" name="test_narrative_summary_path_allowed" time="0.009" /><testcase classname="tests.test_path_safety_phase2" name="test_arc_summary_path_allowed" time="0.009" /><testcase classname="tests.test_path_safety_phase2" name="test_retrieval_trace_path_allowed" time="0.009" /><testcase classname="tests.test_path_safety_phase2" name="test_phase2_meta_path_allowed" time="0.009" /><testcase classname="tests.test_path_safety_phase2" name="test_narrative_summary_wrong_artifact_type" time="0.009" /><testcase classname="tests.test_path_safety_phase2" name="test_retrieval_trace_path_traversal_rejected" time="0.007" /><testcase classname="tests.test_path_safety_phase2" name="test_unknown_phase2_artifact_type_rejected" time="0.008" /><testcase classname="tests.test_pause_detector" name="test_path_traversal_is_hard_pause" time="0.000" /><testcase classname="tests.test_pause_detector" name="test_pov_violation_is_creative_review" time="0.000" /><testcase classname="tests.test_pause_detector" name="test_weak_hook_is_soft_warning" time="0.001" /><testcase classname="tests.test_pause_detector" name="test_hard_pause_has_options" time="0.000" /><testcase classname="tests.test_pause_detector" name="test_creative_review_allows_continue" time="0.000" /><testcase classname="tests.test_pause_detector" name="test_pause_report_has_author_options" time="0.000" /><testcase classname="tests.test_pause_detector" name="test_prevalidation_failure_is_hard_pause" time="0.000" /><testcase classname="tests.test_pause_routing.TestRouteFailureHardPause" name="test_security_violation_is_hard_pause" time="0.000" /><testcase classname="tests.test_pause_routing.TestRouteFailureHardPause" name="test_path_violation_is_hard_pause" time="0.001" /><testcase classname="tests.test_pause_routing.TestRouteFailureHardPause" name="test_apply_validation_fail_is_hard_pause" time="0.001" /><testcase classname="tests.test_pause_routing.TestRouteFailureHardPause" name="test_gate_evidence_missing_is_hard_pause" time="0.001" /><testcase classname="tests.test_pause_routing.TestRouteFailureHardPause" name="test_canon_conflict_is_hard_pause" time="0.000" /><testcase classname="tests.test_pause_routing.TestRouteFailureCreativeReview" name="test_audit_blocking_is_creative_review" time="0.001" /><testcase classname="tests.test_pause_routing.TestRouteFailureCreativeReview" name="test_aws_canon_conflict_is_creative_review" time="0.001" /><testcase classname="tests.test_pause_routing.TestRouteFailureCreativeReview" name="test_claim_evidence_mismatch_is_creative_review" time="0.001" /><testcase classname="tests.test_pause_routing.TestRouteFailureSoftWarning" name="test_chapter_effect_fail_is_soft_warning" time="0.001" /><testcase classname="tests.test_pause_routing.TestRouteFailureSoftWarning" name="test_evidence_not_found_is_soft_warning" time="0.001" /><testcase classname="tests.test_pause_routing.TestRouteFailureSoftWarning" name="test_retryable_schema_error_is_soft_warning" time="0.000" /><testcase classname="tests.test_pause_routing.TestRetryPolicy" name="test_retryable_error_below_max_is_retryable" time="0.000" /><testcase classname="tests.test_pause_routing.TestRetryPolicy" name="test_retryable_error_at_max_is_not_retryable" time="0.000" /><testcase classname="tests.test_pause_routing.TestRetryPolicy" name="test_non_retryable_error_is_not_retryable" time="0.001" /><testcase classname="tests.test_pause_routing.TestRetryPolicy" name="test_retry_exhaustion_triggers_pause" time="0.001" /><testcase classname="tests.test_pause_routing.TestRetryPolicy" name="test_custom_max_retries" time="0.001" /><testcase classname="tests.test_pause_routing.TestRetryPolicy" name="test_retry_count_increment" time="0.001" /><testcase classname="tests.test_pause_routing.TestRetryPolicy" name="test_retry_exhaustion_blocks_merge" time="0.000" /><testcase classname="tests.test_phase_gate_1" name="test_phase_gate_1_full_dry_run_replay" time="0.030" /><testcase classname="tests.test_project_init" name="test_init_creates_structure" time="0.007" /><testcase classname="tests.test_proposal_extraction" name="test_pure_json" time="0.001" /><testcase classname="tests.test_proposal_extraction" name="test_json_with_whitespace" time="0.001" /><testcase classname="tests.test_proposal_extraction" name="test_markdown_code_block" time="0.001" /><testcase classname="tests.test_proposal_extraction" name="test_markdown_code_block_no_lang" time="0.000" /><testcase classname="tests.test_proposal_extraction" name="test_crewai_wrapped_output" time="0.001" /><testcase classname="tests.test_proposal_extraction" name="test_nested_json" time="0.000" /><testcase classname="tests.test_proposal_extraction" name="test_no_schema_version" time="0.000" /><testcase classname="tests.test_proposal_extraction" name="test_garbage_text" time="0.000" /><testcase classname="tests.test_proposal_extraction" name="test_empty_string" time="0.000" /><testcase classname="tests.test_proposal_extraction" name="test_multiple_json_objects" time="0.001" /><testcase classname="tests.test_proposal_extraction" name="test_crewai_tool_output_style" time="0.001" /><testcase classname="tests.test_protocol_enums" name="test_source_layer_values" time="0.001" /><testcase classname="tests.test_protocol_enums" name="test_source_layer_invalid" time="0.001" /><testcase classname="tests.test_protocol_enums" name="test_artifact_type_phase2_values" time="0.001" /><testcase classname="tests.test_protocol_enums" name="test_artifact_type_phase1_preserved" time="0.001" /><testcase classname="tests.test_protocol_enums" name="test_artifact_type_invalid" time="0.001"><failure message="Failed: DID NOT RAISE &lt;class 'ValueError'&gt;">def test_artifact_type_invalid():
&gt;       with pytest.raises(ValueError):
             ^^^^^^^^^^^^^^^^^^^^^^^^^
E       Failed: DID NOT RAISE &lt;class 'ValueError'&gt;

tests\test_protocol_enums.py:39: Failed</failure></testcase><testcase classname="tests.test_protocol_enums" name="test_protocol_version" time="0.000" /><testcase classname="tests.test_protocol_enums" name="test_retrieval_trust_level" time="0.000" /><testcase classname="tests.test_protocol_enums" name="test_retrieval_fallback_reason" time="0.000" /><testcase classname="tests.test_protocol_enums" name="test_context_builder_mode" time="0.000" /><testcase classname="tests.test_protocol_enums" name="test_hash_strategy" time="0.000" /><testcase classname="tests.test_protocol_enums" name="test_enum_string_comparison" time="0.000" /><testcase classname="tests.test_protocol_version" name="test_phase2_meta_default" time="0.000" /><testcase classname="tests.test_protocol_version" name="test_protocol_version_incompatible" time="0.000" /><testcase classname="tests.test_protocol_version" name="test_rebuild_required_on_mismatch" time="0.000" /><testcase classname="tests.test_protocol_version" name="test_compatible_versions" time="0.000" /><testcase classname="tests.test_retrieval_deterministic_ordering" name="test_canonical_before_summary" time="0.000" /><testcase classname="tests.test_retrieval_deterministic_ordering" name="test_ledger_before_working_state" time="0.001" /><testcase classname="tests.test_retrieval_deterministic_ordering" name="test_runtime_context_last" time="0.000" /><testcase classname="tests.test_retrieval_deterministic_ordering" name="test_same_trust_by_priority" time="0.000" /><testcase classname="tests.test_retrieval_deterministic_ordering" name="test_same_priority_by_path" time="0.000" /><testcase classname="tests.test_retrieval_deterministic_ordering" name="test_deterministic_output" time="0.000" /><testcase classname="tests.test_retrieval_deterministic_ordering" name="test_10_runs_deterministic" time="0.000" /><testcase classname="tests.test_retrieval_deterministic_ordering" name="test_path_normalization_in_sort" time="0.001" /><testcase classname="tests.test_retrieval_trace" name="test_trace_schema_valid" time="0.000" /><testcase classname="tests.test_retrieval_trace" name="test_trace_with_fallback" time="0.000" /><testcase classname="tests.test_retrieval_trace" name="test_trace_append_only_behavior" time="0.004" /><testcase classname="tests.test_retrieval_trace" name="test_trace_chapter_isolation" time="0.004" /><testcase classname="tests.test_retrieval_trust_matrix" name="test_canonical_with_canon_layer" time="0.000" /><testcase classname="tests.test_retrieval_trust_matrix" name="test_canonical_with_draft_layer_rejected" time="0.000" /><testcase classname="tests.test_retrieval_trust_matrix" name="test_canonical_without_hash_rejected" time="0.001" /><testcase classname="tests.test_retrieval_trust_matrix" name="test_ledger_fact_requires_hash" time="0.001" /><testcase classname="tests.test_retrieval_trust_matrix" name="test_working_state_with_correct_layer" time="0.000" /><testcase classname="tests.test_retrieval_trust_matrix" name="test_derived_summary_with_draft_layer" time="0.001" /><testcase classname="tests.test_retrieval_trust_matrix" name="test_derived_summary_must_be_derived" time="0.000" /><testcase classname="tests.test_retrieval_trust_matrix" name="test_runtime_context_no_source" time="0.000" /><testcase classname="tests.test_retrieval_trust_matrix" name="test_runtime_context_with_source_rejected" time="0.001" /><testcase classname="tests.test_retrieval_trust_matrix" name="test_runtime_context_with_hash_rejected" time="0.001" /><testcase classname="tests.test_retrieval_trust_matrix" name="test_canonical_must_not_be_derived" time="0.000" /><testcase classname="tests.test_review_convergent" name="test_converge_single_review" time="0.000" /><testcase classname="tests.test_review_convergent" name="test_converge_multiple_reviews_dedup" time="0.000" /><testcase classname="tests.test_review_convergent" name="test_converge_cap_at_5" time="0.000" /><testcase classname="tests.test_review_convergent" name="test_parse_reviewer_output" time="0.000" /><testcase classname="tests.test_revision_loop" name="test_mark_chapters_rejected_cascades" time="0.011" /><testcase classname="tests.test_schemas_arc_state" name="test_arc_state_entry_default" time="0.001" /><testcase classname="tests.test_schemas_arc_state" name="test_arc_state_entry_with_deps" time="0.000" /><testcase classname="tests.test_schemas_gate" name="test_gate_record_valid" time="0.000" /><testcase classname="tests.test_schemas_gate" name="test_gate_record_missing_evidence_rejected" time="0.001" /><testcase classname="tests.test_schemas_gate" name="test_gate_record_rejected_no_evidence_required" time="0.000" /><testcase classname="tests.test_schemas_gate" name="test_rejected_gate_requires_evidence" time="0.000" /><testcase classname="tests.test_schemas_ledgers" name="test_timeline_event" time="0.000" /><testcase classname="tests.test_schemas_ledgers" name="test_character_knowledge" time="0.000" /><testcase classname="tests.test_schemas_ledgers" name="test_foreshadow_entry" time="0.000" /><testcase classname="tests.test_schemas_proposal" name="test_proposal_valid_timeline" time="0.000" /><testcase classname="tests.test_schemas_proposal" name="test_proposal_missing_evidence" time="0.001" /><testcase classname="tests.test_schemas_review" name="test_review_report_defaults" time="0.000" /><testcase classname="tests.test_schemas_review" name="test_review_report_with_issues" time="0.001" /><testcase classname="tests.test_schemas_review" name="test_revision_brief" time="0.000" /><testcase classname="tests.test_source_artifact_denylist" name="test_denylisted_paths[workspace/metrics.jsonl]" time="0.001" /><testcase classname="tests.test_source_artifact_denylist" name="test_denylisted_paths[workspace/retrieval_traces/ch_001.jsonl]" time="0.001" /><testcase classname="tests.test_source_artifact_denylist" name="test_denylisted_paths[workspace/retrieval_traces/ch_999.jsonl]" time="0.001" /><testcase classname="tests.test_source_artifact_denylist" name="test_denylisted_paths[workspace/reports/arc_health_report.md]" time="0.001" /><testcase classname="tests.test_source_artifact_denylist" name="test_denylisted_paths[workspace/reports/character_drift_report.md]" time="0.000" /><testcase classname="tests.test_source_artifact_denylist" name="test_denylisted_paths[workspace/reports/foreshadow_lifecycle_report.md]" time="0.001" /><testcase classname="tests.test_source_artifact_denylist" name="test_denylisted_paths[workspace/phase2/meta.json]" time="0.000" /><testcase classname="tests.test_source_artifact_denylist" name="test_derived_summary_paths[workspace/summaries/ch_001_summary.json]" time="0.000" /><testcase classname="tests.test_source_artifact_denylist" name="test_derived_summary_paths[workspace/summaries/arc_001_summary.json]" time="0.000" /><testcase classname="tests.test_source_artifact_policy" name="test_valid_draft_source" time="0.000" /><testcase classname="tests.test_source_artifact_policy" name="test_valid_canon_outline" time="0.000" /><testcase classname="tests.test_source_artifact_policy" name="test_valid_canon_manuscript" time="0.000" /><testcase classname="tests.test_source_artifact_policy" name="test_valid_canon_characters" time="0.000" /><testcase classname="tests.test_source_artifact_policy" name="test_valid_arc_working_state" time="0.000" /><testcase classname="tests.test_source_artifact_policy" name="test_workspace_summary_rejected" time="0.000" /><testcase classname="tests.test_source_artifact_policy" name="test_workspace_metrics_denylisted" time="0.000" /><testcase classname="tests.test_source_artifact_policy" name="test_workspace_traces_denylisted" time="0.000" /><testcase classname="tests.test_source_artifact_policy" name="test_workspace_reports_denylisted" time="0.000" /><testcase classname="tests.test_source_artifact_policy" name="test_workspace_phase2_denylisted" time="0.000" /><testcase classname="tests.test_source_artifact_policy" name="test_invalid_source_layer" time="0.000" /><testcase classname="tests.test_source_artifact_policy" name="test_unknown_source_layer_with_valid_path" time="0.000" /><testcase classname="tests.test_source_artifact_policy" name="test_layer_path_mismatch" time="0.000" /><testcase classname="tests.test_source_artifact_policy" name="test_canon_layer_with_draft_path" time="0.000" /><testcase classname="tests.test_source_artifact_policy" name="test_is_derived_source" time="0.000" /><testcase classname="tests.test_summary_multi_candidate_resolution" name="test_single_active_summary" time="0.004" /><testcase classname="tests.test_summary_multi_candidate_resolution" name="test_active_path_protocol" time="0.000" /><testcase classname="tests.test_summary_multi_candidate_resolution" name="test_multiple_candidates_error" time="0.001" /><testcase classname="tests.test_summary_multi_candidate_resolution" name="test_tmp_file_not_read_by_retrieval" time="0.001" /><testcase classname="tests.test_summary_staleness" name="test_summary_hash_matches_draft" time="0.006" /><testcase classname="tests.test_summary_staleness" name="test_summary_stale_after_draft_modified" time="0.006" /><testcase classname="tests.test_summary_staleness" name="test_stale_detection_protocol" time="0.000" /><testcase classname="tests.test_summary_staleness" name="test_summary_source_path_must_match" time="0.001" /><testcase classname="tests.test_validators" name="test_schema_validator_pass" time="0.000" /><testcase classname="tests.test_validators" name="test_schema_validator_missing" time="0.000" /><testcase classname="tests.test_validators" name="test_schema_validator_unknown" time="0.000" /><testcase classname="tests.test_validators" name="test_gate_validator_approved_with_evidence" time="0.000" /><testcase classname="tests.test_validators" name="test_gate_validator_approved_empty_evidence" time="0.001" /><testcase classname="tests.test_validators" name="test_proposal_validator_pass" time="0.008" /><testcase classname="tests.test_validators" name="test_proposal_validator_invalid_operation" time="0.008" /></testsuite></testsuites>