<?xml version="1.0" encoding="utf-8"?><testsuites name="pytest tests"><testsuite name="pytest" errors="0" failures="0" skipped="0" tests="648" time="10.560" timestamp="2026-05-31T00:52:32.614234-07:00" hostname="DESKTOP-6QQ1EQE"><testcase classname="tests.test_apply_missing_provenance" name="test_apply_rejects_empty_source_artifact" time="0.008" /><testcase classname="tests.test_apply_missing_provenance" name="test_apply_rejects_missing_source_artifact_field" time="0.005" /><testcase classname="tests.test_apply_prevalidation" name="test_invalid_foreshadow_transition_rejected" time="0.006" /><testcase classname="tests.test_apply_rejects_derived_source" name="test_derived_source_artifact_rejected_in_apply" time="0.005" /><testcase classname="tests.test_apply_rejects_derived_source" name="test_is_derived_true_rejected_in_apply" time="0.005" /><testcase classname="tests.test_apply_rejects_derived_source" name="test_valid_source_passes_apply" time="0.012" /><testcase classname="tests.test_apply_rejects_derived_source" name="test_traces_path_rejected_in_apply" time="0.005" /><testcase classname="tests.test_arc_active_integration" name="test_arc_plan_valid" time="0.002" /><testcase classname="tests.test_arc_active_integration" name="test_arc_plan_missing" time="0.001" /><testcase classname="tests.test_arc_active_integration" name="test_arc_plan_stale" time="0.002" /><testcase classname="tests.test_arc_active_integration" name="test_beat_plan_valid" time="0.002" /><testcase classname="tests.test_arc_active_integration" name="test_beat_plan_missing" time="0.002" /><testcase classname="tests.test_arc_active_integration" name="test_validate_for_active_pass" time="0.002" /><testcase classname="tests.test_arc_active_integration" name="test_validate_for_active_missing_plan" time="0.001" /><testcase classname="tests.test_arc_plan_schema" name="test_arc_plan_instantiation" time="0.000" /><testcase classname="tests.test_arc_plan_schema" name="test_arc_plan_must_be_derived" time="0.000" /><testcase classname="tests.test_arc_plan_schema" name="test_beat_plan_instantiation" time="0.000" /><testcase classname="tests.test_arc_plan_schema" name="test_beat_plan_must_be_derived" time="0.000" /><testcase classname="tests.test_arc_plan_schema" name="test_arc_health_finding" time="0.000" /><testcase classname="tests.test_arc_plan_schema" name="test_arc_health_report_must_be_derived" time="0.000" /><testcase classname="tests.test_arc_plan_schema" name="test_arc_health_report_serialization" time="0.000" /><testcase classname="tests.test_arc_planning_engine" name="test_plan_arc_generates_arc_plan" time="0.003" /><testcase classname="tests.test_arc_planning_engine" name="test_plan_arc_generates_beat_plans" time="0.004" /><testcase classname="tests.test_arc_planning_engine" name="test_plan_arc_extracts_requirements" time="0.004" /><testcase classname="tests.test_arc_planning_engine" name="test_plan_arc_extracts_prohibitions" time="0.003" /><testcase classname="tests.test_arc_planning_engine" name="test_plan_arc_health_report" time="0.003" /><testcase classname="tests.test_arc_planning_engine" name="test_plan_arc_missing_contract_raises" time="0.002" /><testcase classname="tests.test_arc_state_guard" name="test_arc_state_manager_initialize_uses_guard" time="0.006" /><testcase classname="tests.test_arc_state_guard" name="test_arc_state_manager_save_uses_guard" time="0.006" /><testcase classname="tests.test_arc_state_guard" name="test_arc_state_manager_symlink_escape_rejected" time="0.006" /><testcase classname="tests.test_arc_state_manager" name="test_init_from_canon" time="0.005" /><testcase classname="tests.test_arc_state_manager" name="test_merge_proposal" time="0.005" /><testcase classname="tests.test_arc_state_manager" name="test_cascade_invalidation" time="0.006" /><testcase classname="tests.test_arc_state_manager" name="test_mark_chapters_rejected" time="0.006" /><testcase classname="tests.test_arc_state_manager" name="test_aws_canon_conflict_detected" time="0.005" /><testcase classname="tests.test_atomic_apply" name="test_canonicalizer_copies_drafts" time="0.008" /><testcase classname="tests.test_atomic_apply" name="test_atomic_apply_happy_path" time="0.012" /><testcase classname="tests.test_atomic_apply" name="test_atomic_apply_duplicate_rejected" time="0.012" /><testcase classname="tests.test_atomic_apply_security" name="test_unknown_schema_version_rejected" time="0.005" /><testcase classname="tests.test_atomic_apply_security" name="test_rollback_deletes_new_ledger_files" time="0.010" /><testcase classname="tests.test_atomic_apply_security" name="test_consumed_write_fail_rolls_back_apply_record" time="0.014" /><testcase classname="tests.test_atomic_apply_security" name="test_canonicalize_failure_full_rollback" time="0.012" /><testcase classname="tests.test_atomic_apply_security" name="test_schema_validation_on_ledger_diff" time="0.005" /><testcase classname="tests.test_auditor_comparator" name="test_identical_findings_full_agreement" time="0.000" /><testcase classname="tests.test_auditor_comparator" name="test_structured_finds_more" time="0.000" /><testcase classname="tests.test_auditor_comparator" name="test_legacy_finds_more" time="0.000" /><testcase classname="tests.test_auditor_comparator" name="test_severity_mismatch" time="0.000" /><testcase classname="tests.test_auditor_comparator" name="test_empty_inputs" time="0.000" /><testcase classname="tests.test_canonical_hash_protocol.TestTextCanonicalization" name="test_lf_and_crlf_same_hash" time="0.002" /><testcase classname="tests.test_canonical_hash_protocol.TestTextCanonicalization" name="test_bom_removed" time="0.002" /><testcase classname="tests.test_canonical_hash_protocol.TestTextCanonicalization" name="test_trailing_whitespace_stripped" time="0.002" /><testcase classname="tests.test_canonical_hash_protocol.TestTextCanonicalization" name="test_final_newline_normalized" time="0.002" /><testcase classname="tests.test_canonical_hash_protocol.TestTextCanonicalization" name="test_nfc_nfd_same_hash" time="0.002" /><testcase classname="tests.test_canonical_hash_protocol.TestTextCanonicalization" name="test_crlf_plus_nfd_same_as_lf_nfc" time="0.002" /><testcase classname="tests.test_canonical_hash_protocol.TestTextCanonicalization" name="test_different_content_different_hash" time="0.002" /><testcase classname="tests.test_canonical_hash_protocol.TestTextCanonicalization" name="test_canonicalize_text_string" time="0.000" /><testcase classname="tests.test_canonical_hash_protocol.TestJsonCanonicalization" name="test_json_key_order_irrelevant" time="0.002" /><testcase classname="tests.test_canonical_hash_protocol.TestJsonCanonicalization" name="test_json_pretty_compact_same" time="0.002" /><testcase classname="tests.test_canonical_hash_protocol.TestJsonCanonicalization" name="test_json_different_values_different_hash" time="0.002" /><testcase classname="tests.test_canonical_hash_protocol.TestFloatRejection" name="test_integer_passes" time="0.000" /><testcase classname="tests.test_canonical_hash_protocol.TestFloatRejection" name="test_string_passes" time="0.000" /><testcase classname="tests.test_canonical_hash_protocol.TestFloatRejection" name="test_float_rejected" time="0.000" /><testcase classname="tests.test_canonical_hash_protocol.TestFloatRejection" name="test_nested_float_rejected" time="0.000" /><testcase classname="tests.test_canonical_hash_protocol.TestFloatRejection" name="test_float_in_list_rejected" time="0.000" /><testcase classname="tests.test_canonical_hash_protocol.TestFloatRejection" name="test_scientific_notation_rejected" time="0.000" /><testcase classname="tests.test_canonical_hash_protocol.TestFloatRejection" name="test_json_canonical_rejects_float" time="0.002" /><testcase classname="tests.test_canonical_hash_protocol.TestHashScopeMatrix" name="test_draft_is_text_canonical" time="0.000" /><testcase classname="tests.test_canonical_hash_protocol.TestHashScopeMatrix" name="test_outline_is_text_canonical" time="0.000" /><testcase classname="tests.test_canonical_hash_protocol.TestHashScopeMatrix" name="test_ledger_is_json_canonical" time="0.000" /><testcase classname="tests.test_canonical_hash_protocol.TestHashScopeMatrix" name="test_aws_is_json_canonical" time="0.000" /><testcase classname="tests.test_canonical_hash_protocol.TestHashScopeMatrix" name="test_summary_is_json_canonical" time="0.000" /><testcase classname="tests.test_canonical_hash_protocol.TestHashScopeMatrix" name="test_metrics_is_not_hashed" time="0.000" /><testcase classname="tests.test_canonical_hash_protocol.TestHashScopeMatrix" name="test_traces_is_not_hashed" time="0.000" /><testcase classname="tests.test_canonical_hash_protocol.TestHashScopeMatrix" name="test_reports_is_not_hashed" time="0.000" /><testcase classname="tests.test_canonical_hash_protocol.TestHashScopeMatrix" name="test_phase2_is_not_hashed" time="0.000" /><testcase classname="tests.test_canonical_hash_protocol.TestHashScopeMatrix" name="test_unknown_ext_is_raw" time="0.000" /><testcase classname="tests.test_chaos" name="test_case1_pov_violation_proposal_validates_but_should_be_caught" time="0.005" /><testcase classname="tests.test_chaos" name="test_case2_fake_evidence_rejected" time="0.005" /><testcase classname="tests.test_chaos" name="test_case2b_unsafe_source_path_rejected" time="0.005" /><testcase classname="tests.test_chaos" name="test_case3_plugin_write_canon_denied" time="0.005" /><testcase classname="tests.test_chaos" name="test_case3b_agent_write_canon_denied" time="0.005" /><testcase classname="tests.test_chaos" name="test_case3c_agent_write_arbs_denied" time="0.005" /><testcase classname="tests.test_chaos" name="test_case4_duplicate_apply_rejected" time="0.011" /><testcase classname="tests.test_chaos" name="test_case4b_consumed_persists_across_manager_instances" time="0.012" /><testcase classname="tests.test_chaos" name="test_dashboard_cannot_be_fact_source" time="0.005" /><testcase classname="tests.test_chapter_effect" name="test_effect_report_valid" time="0.000" /><testcase classname="tests.test_chapter_effect" name="test_effect_report_missing_scene_goal" time="0.000" /><testcase classname="tests.test_chapter_effect" name="test_effect_report_multiple_failures" time="0.000" /><testcase classname="tests.test_chapter_effect" name="test_effect_report_populated_from_extractor_output" time="0.000" /><testcase classname="tests.test_character_consistency_engine" name="test_no_findings_for_clean_draft" time="0.003" /><testcase classname="tests.test_character_consistency_engine" name="test_taboo_violation_detected" time="0.003" /><testcase classname="tests.test_character_consistency_engine" name="test_voice_drift_detected" time="0.003" /><testcase classname="tests.test_character_consistency_engine" name="test_voice_markers_present_no_drift" time="0.003" /><testcase classname="tests.test_character_consistency_engine" name="test_missing_draft_returns_empty_report" time="0.002" /><testcase classname="tests.test_character_state_schema" name="test_baseline_instantiation" time="0.000" /><testcase classname="tests.test_character_state_schema" name="test_current_state_must_be_derived" time="0.000" /><testcase classname="tests.test_character_state_schema" name="test_current_state_defaults" time="0.000" /><testcase classname="tests.test_character_state_schema" name="test_drift_finding_instantiation" time="0.000" /><testcase classname="tests.test_character_state_schema" name="test_drift_report_must_be_derived" time="0.000" /><testcase classname="tests.test_character_state_schema" name="test_drift_report_with_findings" time="0.000" /><testcase classname="tests.test_character_state_schema" name="test_drift_report_serialization" time="0.001" /><testcase classname="tests.test_config" name="test_supported_versions_is_set" time="0.000" /><testcase classname="tests.test_config" name="test_pause_taxonomy_has_three_types" time="0.000" /><testcase classname="tests.test_config" name="test_retry_policy_has_defaults" time="0.000" /><testcase classname="tests.test_config" name="test_role_allowlist_excludes_agent_from_canon" time="0.000" /><testcase classname="tests.test_context_provider_stable_pointer" name="test_active_mode_has_stable_pointer" time="0.003" /><testcase classname="tests.test_context_provider_stable_pointer" name="test_legacy_mode_no_stable_pointer" time="0.003" /><testcase classname="tests.test_context_provider_stable_pointer" name="test_shadow_mode_no_stable_pointer" time="0.003" /><testcase classname="tests.test_context_provider_stable_pointer" name="test_active_mode_caches_context" time="0.004" /><testcase classname="tests.test_context_provider_stable_pointer" name="test_cache_invalidation" time="0.004" /><testcase classname="tests.test_context_provider_stable_pointer" name="test_stable_pointer_reads_manifest" time="0.004" /><testcase classname="tests.test_crewai_tools" name="test_write_draft" time="0.006" /><testcase classname="tests.test_crewai_tools" name="test_write_draft_rejects_canon" time="0.005" /><testcase classname="tests.test_crewai_tools" name="test_write_review" time="0.006" /><testcase classname="tests.test_crewai_tools" name="test_write_proposal_valid_json" time="0.006" /><testcase classname="tests.test_crewai_tools" name="test_write_proposal_rejects_invalid_json" time="0.006" /><testcase classname="tests.test_dashboard_not_apply_input" name="test_dashboard_not_usable_as_apply_input" time="0.006" /><testcase classname="tests.test_derived_artifact_policy" name="test_is_derived_artifact" time="0.000" /><testcase classname="tests.test_derived_artifact_policy" name="test_assert_not_derived_source_passes" time="0.000" /><testcase classname="tests.test_derived_artifact_policy" name="test_assert_not_derived_source_rejects_workspace" time="0.000" /><testcase classname="tests.test_derived_artifact_policy" name="test_resolve_under_root_valid" time="0.003" /><testcase classname="tests.test_derived_artifact_policy" name="test_resolve_under_root_rejects_traversal" time="0.002" /><testcase classname="tests.test_derived_artifact_policy" name="test_assert_safe_derived_path_valid" time="0.003" /><testcase classname="tests.test_derived_artifact_policy" name="test_assert_safe_derived_path_rejects_non_workspace" time="0.002" /><testcase classname="tests.test_derived_artifact_policy" name="test_symlink_derived_rejected" time="0.004" /><testcase classname="tests.test_derived_artifact_policy" name="test_symlink_to_outside_rejected" time="0.003" /><testcase classname="tests.test_derived_path_hardening" name="test_prefix_collision_not_escaped" time="0.003" /><testcase classname="tests.test_derived_path_hardening" name="test_relative_to_escape_rejected" time="0.003" /><testcase classname="tests.test_derived_path_hardening" name="test_parent_symlink_rejected" time="0.003" /><testcase classname="tests.test_derived_path_hardening" name="test_intermediate_dir_symlink_rejected" time="0.003" /><testcase classname="tests.test_derived_path_hardening" name="test_assert_no_symlink_in_path_clean" time="0.002" /><testcase classname="tests.test_drift_gold_dataset" name="test_gold_dataset_exists" time="0.000" /><testcase classname="tests.test_drift_gold_dataset" name="test_gold_dataset_has_cases" time="0.000" /><testcase classname="tests.test_drift_gold_dataset" name="test_gold_case_structure" time="0.002" /><testcase classname="tests.test_drift_gold_dataset" name="test_evaluate_case_tp" time="0.000" /><testcase classname="tests.test_drift_gold_dataset" name="test_evaluate_case_fp" time="0.000" /><testcase classname="tests.test_drift_gold_dataset" name="test_evaluate_case_tn" time="0.000" /><testcase classname="tests.test_drift_gold_dataset" name="test_evaluate_case_fn" time="0.000" /><testcase classname="tests.test_drift_gold_dataset" name="test_metrics_perfect" time="0.000" /><testcase classname="tests.test_drift_gold_dataset" name="test_metrics_with_fp" time="0.000" /><testcase classname="tests.test_drift_gold_dataset" name="test_thresholds_pass" time="0.000" /><testcase classname="tests.test_drift_gold_dataset" name="test_thresholds_fail_precision" time="0.000" /><testcase classname="tests.test_drift_streak_auditor" name="test_single_drift_is_soft_warning" time="0.000" /><testcase classname="tests.test_drift_streak_auditor" name="test_two_consecutive_drifts_is_creative_review" time="0.000" /><testcase classname="tests.test_drift_streak_auditor" name="test_three_consecutive_drifts_is_hard_pause" time="0.000" /><testcase classname="tests.test_drift_streak_auditor" name="test_streak_resets_on_non_consecutive" time="0.000" /><testcase classname="tests.test_drift_streak_auditor" name="test_different_drift_types_not_linked" time="0.000" /><testcase classname="tests.test_drift_streak_auditor" name="test_manual_reset" time="0.000" /><testcase classname="tests.test_drift_streak_auditor" name="test_structured_auditor_shadow_mode" time="0.002" /><testcase classname="tests.test_drift_streak_auditor" name="test_structured_auditor_writes_report" time="0.002" /><testcase classname="tests.test_dry_run_synthetic_gates" name="test_non_dryrun_no_gate_raises" time="0.000" /><testcase classname="tests.test_dry_run_synthetic_gates" name="test_synthetic_gate_has_synthetic_true" time="0.000" /><testcase classname="tests.test_dry_run_synthetic_gates" name="test_non_synthetic_gate_default" time="0.000" /><testcase classname="tests.test_dry_run_synthetic_gates" name="test_gate_record_serializes_synthetic" time="0.000" /><testcase classname="tests.test_dry_run_synthetic_gates" name="test_synthetic_gate_rejected_in_non_dryrun" time="0.000" /><testcase classname="tests.test_dry_run_synthetic_gates" name="test_synthetic_gate_accepted_in_dryrun" time="0.000" /><testcase classname="tests.test_dry_run_synthetic_gates" name="test_atomic_apply_rejects_synthetic_gate_in_non_dryrun" time="0.006" /><testcase classname="tests.test_dry_run_synthetic_gates" name="test_atomic_apply_accepts_synthetic_gate_in_dryrun" time="0.012" /><testcase classname="tests.test_e2e_failure_paths" name="test_path_traversal_rejected" time="0.005" /><testcase classname="tests.test_e2e_failure_paths" name="test_gate_evidence_missing_rejected" time="0.000" /><testcase classname="tests.test_e2e_failure_paths" name="test_proposal_invalid_operation" time="0.005" /><testcase classname="tests.test_e2e_failure_paths" name="test_agent_cannot_write_canon" time="0.047" /><testcase classname="tests.test_e2e_failure_paths" name="test_plugin_cannot_write_ledgers" time="0.005" /><testcase classname="tests.test_e2e_failure_paths" name="test_rejected_gate_evidence_required" time="0.000" /><testcase classname="tests.test_e2e_failure_paths" name="test_rejected_gate_with_evidence_accepted" time="0.000" /><testcase classname="tests.test_e2e_failure_paths" name="test_rejected_gate_blocks_apply" time="0.000" /><testcase classname="tests.test_e2e_happy_path" name="test_full_3_chapter_arc" time="0.020" /><testcase classname="tests.test_e2e_replay" name="test_e2e_full_replay" time="0.044" /><testcase classname="tests.test_extractor_budget" name="test_draft_budget_truncates_long_content" time="0.000" /><testcase classname="tests.test_extractor_budget" name="test_draft_budget_preserves_short_content" time="0.000" /><testcase classname="tests.test_extractor_budget" name="test_review_budget_truncates_long_content" time="0.000" /><testcase classname="tests.test_extractor_budget" name="test_review_budget_preserves_short_content" time="0.000" /><testcase classname="tests.test_extractor_budget" name="test_controllable_content_within_budget" time="0.000" /><testcase classname="tests.test_extractor_budget" name="test_budget_constants" time="0.000" /><testcase classname="tests.test_foreshadow_lifecycle_manager" name="test_build_creates_entries" time="0.004" /><testcase classname="tests.test_foreshadow_lifecycle_manager" name="test_state_mapping_from_ledger" time="0.003" /><testcase classname="tests.test_foreshadow_lifecycle_manager" name="test_summary_updates_state" time="0.004" /><testcase classname="tests.test_foreshadow_lifecycle_manager" name="test_empty_ledger" time="0.003" /><testcase classname="tests.test_foreshadow_lifecycle_schema" name="test_entry_instantiation" time="0.000" /><testcase classname="tests.test_foreshadow_lifecycle_schema" name="test_entry_must_be_derived" time="0.000" /><testcase classname="tests.test_foreshadow_lifecycle_schema" name="test_index_instantiation" time="0.000" /><testcase classname="tests.test_foreshadow_lifecycle_schema" name="test_valid_transitions" time="0.000" /><testcase classname="tests.test_foreshadow_lifecycle_schema" name="test_invalid_transitions" time="0.000" /><testcase classname="tests.test_foreshadow_lifecycle_schema" name="test_apply_transition" time="0.000" /><testcase classname="tests.test_foreshadow_lifecycle_schema" name="test_apply_invalid_transition_raises" time="0.000" /><testcase classname="tests.test_foreshadow_lifecycle_schema" name="test_terminal_states_have_no_transitions" time="0.000" /><testcase classname="tests.test_foreshadow_lifecycle_schema" name="test_index_serialization" time="0.000" /><testcase classname="tests.test_graph_growth_budget" name="test_budget_within_limits" time="0.004" /><testcase classname="tests.test_graph_growth_budget" name="test_budget_nodes_exceeded" time="0.002" /><testcase classname="tests.test_graph_growth_budget" name="test_budget_edges_exceeded" time="0.005" /><testcase classname="tests.test_graph_growth_budget" name="test_budget_exact_limits" time="0.006" /><testcase classname="tests.test_graph_growth_budget" name="test_budget_report_schema" time="0.001" /><testcase classname="tests.test_graph_lifecycle_persistence" name="test_graph_write_index" time="0.005" /><testcase classname="tests.test_graph_lifecycle_persistence" name="test_lifecycle_write_index" time="0.005" /><testcase classname="tests.test_graph_lifecycle_persistence" name="test_graph_budget_within_limits" time="0.005" /><testcase classname="tests.test_graph_lifecycle_persistence" name="test_graph_budget_exceeded" time="0.002" /><testcase classname="tests.test_hash_encoding_failure" name="test_utf8_valid_passes" time="0.002" /><testcase classname="tests.test_hash_encoding_failure" name="test_utf8_bom_passes" time="0.002" /><testcase classname="tests.test_hash_encoding_failure" name="test_invalid_utf8_fails" time="0.002" /><testcase classname="tests.test_hash_encoding_failure" name="test_latin1_fails" time="0.002" /><testcase classname="tests.test_hash_encoding_failure" name="test_json_invalid_utf8_fails" time="0.002" /><testcase classname="tests.test_ledger_diff" name="test_timeline_append" time="0.000" /><testcase classname="tests.test_ledger_diff" name="test_generator_preserves_provenance" time="0.000" /><testcase classname="tests.test_ledger_diff" name="test_generator_rejects_missing_provenance" time="0.000" /><testcase classname="tests.test_ledger_diff" name="test_foreshadow_valid_transition" time="0.000" /><testcase classname="tests.test_ledger_diff" name="test_foreshadow_invalid_transition" time="0.000" /><testcase classname="tests.test_ledger_diff" name="test_timeline_correction" time="0.000" /><testcase classname="tests.test_ledger_diff" name="test_character_knowledge_mark_corrected" time="0.000" /><testcase classname="tests.test_lock_manager" name="test_acquire_release" time="0.000" /><testcase classname="tests.test_lock_manager" name="test_context_manager" time="0.000" /><testcase classname="tests.test_lock_manager" name="test_release_unlocked" time="0.000" /><testcase classname="tests.test_lock_manager" name="test_context_manager_finally_releases" time="0.000" /><testcase classname="tests.test_long_arc_context_stress" name="test_stress_10_chapters_context_bounded" time="0.018" /><testcase classname="tests.test_long_arc_context_stress" name="test_stress_10_chapters_summaries_generated" time="0.017" /><testcase classname="tests.test_long_arc_context_stress" name="test_stress_10_chapters_traces_written" time="0.016" /><testcase classname="tests.test_long_arc_context_stress" name="test_stress_context_growth_sublinear" time="0.021" /><testcase classname="tests.test_manifest_integration" name="test_graph_builder_registers_manifest" time="0.005" /><testcase classname="tests.test_manifest_integration" name="test_lifecycle_manager_registers_manifest" time="0.005" /><testcase classname="tests.test_manifest_integration" name="test_consistency_engine_registers_manifest" time="0.005" /><testcase classname="tests.test_manifest_integration" name="test_arc_planner_registers_manifest" time="0.005" /><testcase classname="tests.test_manifest_manager" name="test_load_creates_empty_manifest" time="0.002" /><testcase classname="tests.test_manifest_manager" name="test_register_artifact" time="0.002" /><testcase classname="tests.test_manifest_manager" name="test_register_updates_existing" time="0.002" /><testcase classname="tests.test_manifest_manager" name="test_mark_stale" time="0.002" /><testcase classname="tests.test_manifest_manager" name="test_save_and_reload" time="0.003" /><testcase classname="tests.test_manifest_manager" name="test_get_entry_not_found" time="0.002" /><testcase classname="tests.test_metrics" name="test_record_and_load" time="0.003" /><testcase classname="tests.test_metrics" name="test_generate_report" time="0.004" /><testcase classname="tests.test_metrics_not_retrieval_source" name="test_metrics_not_valid_source" time="0.000" /><testcase classname="tests.test_metrics_not_retrieval_source" name="test_retrieval_trace_not_valid_source" time="0.000" /><testcase classname="tests.test_metrics_not_retrieval_source" name="test_reports_not_valid_source" time="0.000" /><testcase classname="tests.test_metrics_not_retrieval_source" name="test_phase2_meta_not_valid_source" time="0.000" /><testcase classname="tests.test_metrics_not_retrieval_source" name="test_metrics_is_derived" time="0.000" /><testcase classname="tests.test_metrics_not_retrieval_source" name="test_traces_is_derived" time="0.000" /><testcase classname="tests.test_narrative_compressor" name="test_compress_generates_summary" time="0.004" /><testcase classname="tests.test_narrative_compressor" name="test_compress_writes_file" time="0.004" /><testcase classname="tests.test_narrative_compressor" name="test_compress_extracts_retrieval_tags" time="0.004" /><testcase classname="tests.test_narrative_compressor" name="test_compress_missing_draft_raises" time="0.002" /><testcase classname="tests.test_narrative_compressor" name="test_compress_source_not_workspace" time="0.004" /><testcase classname="tests.test_narrative_graph_builder" name="test_build_from_ledgers" time="0.005" /><testcase classname="tests.test_narrative_graph_builder" name="test_build_includes_summary_nodes" time="0.005" /><testcase classname="tests.test_narrative_graph_builder" name="test_build_empty_ledgers" time="0.004" /><testcase classname="tests.test_narrative_graph_builder" name="test_build_participant_edges" time="0.005" /><testcase classname="tests.test_narrative_graph_schema" name="test_node_instantiation" time="0.000" /><testcase classname="tests.test_narrative_graph_schema" name="test_node_must_be_derived" time="0.000" /><testcase classname="tests.test_narrative_graph_schema" name="test_node_must_have_sources" time="0.000" /><testcase classname="tests.test_narrative_graph_schema" name="test_edge_instantiation" time="0.000" /><testcase classname="tests.test_narrative_graph_schema" name="test_edge_must_be_derived" time="0.000" /><testcase classname="tests.test_narrative_graph_schema" name="test_graph_index_instantiation" time="0.000" /><testcase classname="tests.test_narrative_graph_schema" name="test_graph_serialization" time="0.001" /><testcase classname="tests.test_narrative_summary_schema" name="test_valid_summary" time="0.000" /><testcase classname="tests.test_narrative_summary_schema" name="test_summary_must_be_derived" time="0.000" /><testcase classname="tests.test_narrative_summary_schema" name="test_summary_source_must_be_draft" time="0.000" /><testcase classname="tests.test_narrative_summary_schema" name="test_summary_source_not_workspace" time="0.000" /><testcase classname="tests.test_narrative_summary_schema" name="test_summary_with_arc_working_state_rejected" time="0.000" /><testcase classname="tests.test_narrative_summary_schema" name="test_summary_serialization" time="0.000" /><testcase classname="tests.test_negative_security" name="test_symlink_escape_rejected" time="0.007" /><testcase classname="tests.test_negative_security" name="test_toctou_symlink_race_rejected" time="0.008" /><testcase classname="tests.test_negative_security" name="test_progress_entry_rejects_narrative_fact" time="0.000" /><testcase classname="tests.test_negative_security" name="test_progress_entry_rejects_denylist_keyword" time="0.000" /><testcase classname="tests.test_negative_security" name="test_progress_entry_rejects_ledger_entry_keyword" time="0.000" /><testcase classname="tests.test_negative_security" name="test_progress_entry_rejects_narrative_event_keyword" time="0.000" /><testcase classname="tests.test_negative_security" name="test_progress_entry_allows_safe_details" time="0.000" /><testcase classname="tests.test_negative_security" name="test_apply_midway_failure_rollback" time="0.011" /><testcase classname="tests.test_negative_security" name="test_stale_gate_reused_rejected" time="0.012" /><testcase classname="tests.test_negative_security" name="test_proposal_disguised_as_diff_rejected" time="0.006" /><testcase classname="tests.test_novel_flow" name="test_crewai_import" time="0.000" /><testcase classname="tests.test_novel_flow" name="test_flow_import" time="0.000" /><testcase classname="tests.test_novel_flow" name="test_agents_import" time="0.001" /><testcase classname="tests.test_novel_flow" name="test_context_order_aws_before_canon" time="0.006" /><testcase classname="tests.test_patchabc_closure" name="test_stable_pointer_returns_non_stale" time="0.004" /><testcase classname="tests.test_patchabc_closure" name="test_stable_pointer_hides_stale" time="0.004" /><testcase classname="tests.test_patchabc_closure" name="test_stable_pointer_rollback" time="0.004" /><testcase classname="tests.test_patchabc_closure" name="test_cache_put_get" time="0.000" /><testcase classname="tests.test_patchabc_closure" name="test_cache_invalidate_generation" time="0.000" /><testcase classname="tests.test_patchabc_closure" name="test_cache_clear" time="0.000" /><testcase classname="tests.test_patchabc_closure" name="test_replay_contract_capture" time="0.004" /><testcase classname="tests.test_patchabc_closure" name="test_replay_contract_deterministic" time="0.004" /><testcase classname="tests.test_patchabc_closure" name="test_replay_contract_detects_change" time="0.004" /><testcase classname="tests.test_patchabc_closure" name="test_dag_levels" time="0.000" /><testcase classname="tests.test_patchabc_closure" name="test_dag_downstream" time="0.000" /><testcase classname="tests.test_patchabc_closure" name="test_dag_validate_order" time="0.000" /><testcase classname="tests.test_patchabc_closure" name="test_batch_stop_propagation" time="0.000" /><testcase classname="tests.test_patchabc_closure" name="test_batch_stop_reset" time="0.000" /><testcase classname="tests.test_path_safety" name="test_valid_path" time="0.006" /><testcase classname="tests.test_path_safety" name="test_traversal_rejected" time="0.005" /><testcase classname="tests.test_path_safety" name="test_absolute_rejected" time="0.005" /><testcase classname="tests.test_path_safety" name="test_agent_cannot_write_canon" time="0.006" /><testcase classname="tests.test_path_safety" name="test_system_script_can_write_arc_working_state" time="0.006" /><testcase classname="tests.test_path_safety" name="test_system_script_can_write_canon_manuscript" time="0.006" /><testcase classname="tests.test_path_safety" name="test_system_script_can_write_ledgers" time="0.006" /><testcase classname="tests.test_path_safety" name="test_system_script_can_write_gate_record" time="0.006" /><testcase classname="tests.test_path_safety" name="test_system_script_can_write_progress" time="0.006" /><testcase classname="tests.test_path_safety" name="test_system_script_artifact_mismatch_rejected" time="0.006" /><testcase classname="tests.test_path_safety" name="test_system_script_unknown_artifact_type_rejected" time="0.006" /><testcase classname="tests.test_path_safety" name="test_system_script_missing_artifact_type_rejected" time="0.006" /><testcase classname="tests.test_path_safety" name="test_system_script_unrelated_path_rejected" time="0.006" /><testcase classname="tests.test_path_safety" name="test_plugin_cannot_write_canon" time="0.006" /><testcase classname="tests.test_path_safety" name="test_plugin_can_write_inspiration" time="0.006" /><testcase classname="tests.test_path_safety" name="test_system_script_arc_contract_succeeds" time="0.006" /><testcase classname="tests.test_path_safety" name="test_system_script_canon_manuscript_copy_succeeds" time="0.006" /><testcase classname="tests.test_path_safety" name="test_system_script_canon_character_update_succeeds" time="0.006" /><testcase classname="tests.test_path_safety" name="test_system_script_inverse_diff_succeeds" time="0.006" /><testcase classname="tests.test_path_safety" name="test_system_script_inverse_diff_wrong_path_rejected" time="0.006" /><testcase classname="tests.test_path_safety" name="test_system_script_known_types_succeed_unknown_rejected" time="0.010" /><testcase classname="tests.test_path_safety" name="test_intermediate_symlink_rejected_by_guard" time="0.007" /><testcase classname="tests.test_path_safety_phase2" name="test_narrative_summary_path_allowed" time="0.006" /><testcase classname="tests.test_path_safety_phase2" name="test_arc_summary_path_allowed" time="0.006" /><testcase classname="tests.test_path_safety_phase2" name="test_retrieval_trace_path_allowed" time="0.006" /><testcase classname="tests.test_path_safety_phase2" name="test_phase2_meta_path_allowed" time="0.006" /><testcase classname="tests.test_path_safety_phase2" name="test_narrative_summary_wrong_artifact_type" time="0.006" /><testcase classname="tests.test_path_safety_phase2" name="test_retrieval_trace_path_traversal_rejected" time="0.006" /><testcase classname="tests.test_path_safety_phase2" name="test_unknown_phase2_artifact_type_rejected" time="0.006" /><testcase classname="tests.test_pause_detector" name="test_path_traversal_is_hard_pause" time="0.000" /><testcase classname="tests.test_pause_detector" name="test_pov_violation_is_creative_review" time="0.000" /><testcase classname="tests.test_pause_detector" name="test_weak_hook_is_soft_warning" time="0.000" /><testcase classname="tests.test_pause_detector" name="test_hard_pause_has_options" time="0.000" /><testcase classname="tests.test_pause_detector" name="test_creative_review_allows_continue" time="0.000" /><testcase classname="tests.test_pause_detector" name="test_pause_report_has_author_options" time="0.000" /><testcase classname="tests.test_pause_detector" name="test_prevalidation_failure_is_hard_pause" time="0.000" /><testcase classname="tests.test_pause_routing.TestRouteFailureHardPause" name="test_security_violation_is_hard_pause" time="0.001" /><testcase classname="tests.test_pause_routing.TestRouteFailureHardPause" name="test_path_violation_is_hard_pause" time="0.000" /><testcase classname="tests.test_pause_routing.TestRouteFailureHardPause" name="test_apply_validation_fail_is_hard_pause" time="0.000" /><testcase classname="tests.test_pause_routing.TestRouteFailureHardPause" name="test_gate_evidence_missing_is_hard_pause" time="0.000" /><testcase classname="tests.test_pause_routing.TestRouteFailureHardPause" name="test_canon_conflict_is_hard_pause" time="0.000" /><testcase classname="tests.test_pause_routing.TestRouteFailureCreativeReview" name="test_audit_blocking_is_creative_review" time="0.000" /><testcase classname="tests.test_pause_routing.TestRouteFailureCreativeReview" name="test_aws_canon_conflict_is_creative_review" time="0.000" /><testcase classname="tests.test_pause_routing.TestRouteFailureCreativeReview" name="test_claim_evidence_mismatch_is_creative_review" time="0.001" /><testcase classname="tests.test_pause_routing.TestRouteFailureSoftWarning" name="test_chapter_effect_fail_is_soft_warning" time="0.000" /><testcase classname="tests.test_pause_routing.TestRouteFailureSoftWarning" name="test_evidence_not_found_is_soft_warning" time="0.001" /><testcase classname="tests.test_pause_routing.TestRouteFailureSoftWarning" name="test_retryable_schema_error_is_soft_warning" time="0.000" /><testcase classname="tests.test_pause_routing.TestRetryPolicy" name="test_retryable_error_below_max_is_retryable" time="0.000" /><testcase classname="tests.test_pause_routing.TestRetryPolicy" name="test_retryable_error_at_max_is_not_retryable" time="0.000" /><testcase classname="tests.test_pause_routing.TestRetryPolicy" name="test_non_retryable_error_is_not_retryable" time="0.000" /><testcase classname="tests.test_pause_routing.TestRetryPolicy" name="test_retry_exhaustion_triggers_pause" time="0.000" /><testcase classname="tests.test_pause_routing.TestRetryPolicy" name="test_custom_max_retries" time="0.000" /><testcase classname="tests.test_pause_routing.TestRetryPolicy" name="test_retry_count_increment" time="0.000" /><testcase classname="tests.test_pause_routing.TestRetryPolicy" name="test_retry_exhaustion_blocks_merge" time="0.000" /><testcase classname="tests.test_perf_hard_gate" name="test_within_limits" time="0.000" /><testcase classname="tests.test_perf_hard_gate" name="test_exceeds_writer_limit" time="0.000" /><testcase classname="tests.test_perf_hard_gate" name="test_exceeds_auditor_limit" time="0.000" /><testcase classname="tests.test_perf_hard_gate" name="test_extractor_within_limit" time="0.000" /><testcase classname="tests.test_perf_hard_gate" name="test_cli_pass" time="0.069" /><testcase classname="tests.test_perf_hard_gate" name="test_cli_fail" time="0.068" /><testcase classname="tests.test_phase2_artifact_registry" name="test_enum_exists[NARRATIVE_SUMMARY-narrative_summary-workspace/summaries/ch_001_summary.json]" time="0.001" /><testcase classname="tests.test_phase2_artifact_registry" name="test_enum_exists[ARC_SUMMARY-arc_summary-workspace/summaries/arc_001_summary.json]" time="0.001" /><testcase classname="tests.test_phase2_artifact_registry" name="test_enum_exists[RETRIEVAL_TRACE-retrieval_trace-workspace/retrieval_traces/ch_001.jsonl]" time="0.000" /><testcase classname="tests.test_phase2_artifact_registry" name="test_enum_exists[PHASE2_META-phase2_meta-workspace/phase2/meta.json]" time="0.000" /><testcase classname="tests.test_phase2_artifact_registry" name="test_enum_exists[NARRATIVE_GRAPH_INDEX-narrative_graph_index-workspace/narrative_graph_index.json]" time="0.001" /><testcase classname="tests.test_phase2_artifact_registry" name="test_enum_exists[FORESHADOW_LIFECYCLE_INDEX-foreshadow_lifecycle_index-workspace/foreshadow_lifecycle_index.json]" time="0.000" /><testcase classname="tests.test_phase2_artifact_registry" name="test_enum_exists[GRAPH_HEALTH_REPORT-graph_health_report-workspace/reports/graph_health_report.md]" time="0.000" /><testcase classname="tests.test_phase2_artifact_registry" name="test_enum_exists[FORESHADOW_LIFECYCLE_REPORT-foreshadow_lifecycle_report-workspace/reports/foreshadow_lifecycle_report.md]" time="0.000" /><testcase classname="tests.test_phase2_artifact_registry" name="test_enum_exists[CHARACTER_STATE_SNAPSHOT-character_state_snapshot-workspace/character_state/char_a.json]" time="0.000" /><testcase classname="tests.test_phase2_artifact_registry" name="test_enum_exists[CHARACTER_DRIFT_REPORT-character_drift_report-workspace/reports/character_drift_report.md]" time="0.000" /><testcase classname="tests.test_phase2_artifact_registry" name="test_enum_exists[DRIFT_HEALTH_REPORT-drift_health_report-workspace/reports/drift_health_report.md]" time="0.000" /><testcase classname="tests.test_phase2_artifact_registry" name="test_enum_exists[STRUCTURED_AUDIT_REPORT-structured_audit_report-workspace/reports/structured_audit_report.md]" time="0.000" /><testcase classname="tests.test_phase2_artifact_registry" name="test_enum_exists[ARC_PLAN-arc_plan-workspace/arc_plan/arc_001_arc_plan.json]" time="0.000" /><testcase classname="tests.test_phase2_artifact_registry" name="test_enum_exists[CHAPTER_BEAT_PLAN-chapter_beat_plan-workspace/arc_plan/arc_001_ch_001_beat_plan.json]" time="0.000" /><testcase classname="tests.test_phase2_artifact_registry" name="test_enum_exists[ARC_HEALTH_REPORT-arc_health_report-workspace/reports/arc_health_report.md]" time="0.001" /><testcase classname="tests.test_phase2_artifact_registry" name="test_enum_exists[ARC_PLANNING_TRACE-arc_planning_trace-workspace/retrieval_traces/arc_001_planning.jsonl]" time="0.000" /><testcase classname="tests.test_phase2_artifact_registry" name="test_pathguard_allows[NARRATIVE_SUMMARY-narrative_summary-workspace/summaries/ch_001_summary.json]" time="0.007" /><testcase classname="tests.test_phase2_artifact_registry" name="test_pathguard_allows[ARC_SUMMARY-arc_summary-workspace/summaries/arc_001_summary.json]" time="0.007" /><testcase classname="tests.test_phase2_artifact_registry" name="test_pathguard_allows[RETRIEVAL_TRACE-retrieval_trace-workspace/retrieval_traces/ch_001.jsonl]" time="0.007" /><testcase classname="tests.test_phase2_artifact_registry" name="test_pathguard_allows[PHASE2_META-phase2_meta-workspace/phase2/meta.json]" time="0.007" /><testcase classname="tests.test_phase2_artifact_registry" name="test_pathguard_allows[NARRATIVE_GRAPH_INDEX-narrative_graph_index-workspace/narrative_graph_index.json]" time="0.007" /><testcase classname="tests.test_phase2_artifact_registry" name="test_pathguard_allows[FORESHADOW_LIFECYCLE_INDEX-foreshadow_lifecycle_index-workspace/foreshadow_lifecycle_index.json]" time="0.006" /><testcase classname="tests.test_phase2_artifact_registry" name="test_pathguard_allows[GRAPH_HEALTH_REPORT-graph_health_report-workspace/reports/graph_health_report.md]" time="0.007" /><testcase classname="tests.test_phase2_artifact_registry" name="test_pathguard_allows[FORESHADOW_LIFECYCLE_REPORT-foreshadow_lifecycle_report-workspace/reports/foreshadow_lifecycle_report.md]" time="0.007" /><testcase classname="tests.test_phase2_artifact_registry" name="test_pathguard_allows[CHARACTER_STATE_SNAPSHOT-character_state_snapshot-workspace/character_state/char_a.json]" time="0.007" /><testcase classname="tests.test_phase2_artifact_registry" name="test_pathguard_allows[CHARACTER_DRIFT_REPORT-character_drift_report-workspace/reports/character_drift_report.md]" time="0.007" /><testcase classname="tests.test_phase2_artifact_registry" name="test_pathguard_allows[DRIFT_HEALTH_REPORT-drift_health_report-workspace/reports/drift_health_report.md]" time="0.007" /><testcase classname="tests.test_phase2_artifact_registry" name="test_pathguard_allows[STRUCTURED_AUDIT_REPORT-structured_audit_report-workspace/reports/structured_audit_report.md]" time="0.006" /><testcase classname="tests.test_phase2_artifact_registry" name="test_pathguard_allows[ARC_PLAN-arc_plan-workspace/arc_plan/arc_001_arc_plan.json]" time="0.006" /><testcase classname="tests.test_phase2_artifact_registry" name="test_pathguard_allows[CHAPTER_BEAT_PLAN-chapter_beat_plan-workspace/arc_plan/arc_001_ch_001_beat_plan.json]" time="0.006" /><testcase classname="tests.test_phase2_artifact_registry" name="test_pathguard_allows[ARC_HEALTH_REPORT-arc_health_report-workspace/reports/arc_health_report.md]" time="0.005" /><testcase classname="tests.test_phase2_artifact_registry" name="test_pathguard_allows[ARC_PLANNING_TRACE-arc_planning_trace-workspace/retrieval_traces/arc_001_planning.jsonl]" time="0.005" /><testcase classname="tests.test_phase2_artifact_registry" name="test_derived_policy_recognizes[NARRATIVE_SUMMARY-narrative_summary-workspace/summaries/ch_001_summary.json]" time="0.001" /><testcase classname="tests.test_phase2_artifact_registry" name="test_derived_policy_recognizes[ARC_SUMMARY-arc_summary-workspace/summaries/arc_001_summary.json]" time="0.001" /><testcase classname="tests.test_phase2_artifact_registry" name="test_derived_policy_recognizes[RETRIEVAL_TRACE-retrieval_trace-workspace/retrieval_traces/ch_001.jsonl]" time="0.000" /><testcase classname="tests.test_phase2_artifact_registry" name="test_derived_policy_recognizes[PHASE2_META-phase2_meta-workspace/phase2/meta.json]" time="0.000" /><testcase classname="tests.test_phase2_artifact_registry" name="test_derived_policy_recognizes[NARRATIVE_GRAPH_INDEX-narrative_graph_index-workspace/narrative_graph_index.json]" time="0.000" /><testcase classname="tests.test_phase2_artifact_registry" name="test_derived_policy_recognizes[FORESHADOW_LIFECYCLE_INDEX-foreshadow_lifecycle_index-workspace/foreshadow_lifecycle_index.json]" time="0.000" /><testcase classname="tests.test_phase2_artifact_registry" name="test_derived_policy_recognizes[GRAPH_HEALTH_REPORT-graph_health_report-workspace/reports/graph_health_report.md]" time="0.000" /><testcase classname="tests.test_phase2_artifact_registry" name="test_derived_policy_recognizes[FORESHADOW_LIFECYCLE_REPORT-foreshadow_lifecycle_report-workspace/reports/foreshadow_lifecycle_report.md]" time="0.000" /><testcase classname="tests.test_phase2_artifact_registry" name="test_derived_policy_recognizes[CHARACTER_STATE_SNAPSHOT-character_state_snapshot-workspace/character_state/char_a.json]" time="0.001" /><testcase classname="tests.test_phase2_artifact_registry" name="test_derived_policy_recognizes[CHARACTER_DRIFT_REPORT-character_drift_report-workspace/reports/character_drift_report.md]" time="0.000" /><testcase classname="tests.test_phase2_artifact_registry" name="test_derived_policy_recognizes[DRIFT_HEALTH_REPORT-drift_health_report-workspace/reports/drift_health_report.md]" time="0.000" /><testcase classname="tests.test_phase2_artifact_registry" name="test_derived_policy_recognizes[STRUCTURED_AUDIT_REPORT-structured_audit_report-workspace/reports/structured_audit_report.md]" time="0.001" /><testcase classname="tests.test_phase2_artifact_registry" name="test_derived_policy_recognizes[ARC_PLAN-arc_plan-workspace/arc_plan/arc_001_arc_plan.json]" time="0.000" /><testcase classname="tests.test_phase2_artifact_registry" name="test_derived_policy_recognizes[CHAPTER_BEAT_PLAN-chapter_beat_plan-workspace/arc_plan/arc_001_ch_001_beat_plan.json]" time="0.000" /><testcase classname="tests.test_phase2_artifact_registry" name="test_derived_policy_recognizes[ARC_HEALTH_REPORT-arc_health_report-workspace/reports/arc_health_report.md]" time="0.001" /><testcase classname="tests.test_phase2_artifact_registry" name="test_derived_policy_recognizes[ARC_PLANNING_TRACE-arc_planning_trace-workspace/retrieval_traces/arc_001_planning.jsonl]" time="0.001" /><testcase classname="tests.test_phase2_artifact_registry" name="test_source_policy_rejects[NARRATIVE_SUMMARY-narrative_summary-workspace/summaries/ch_001_summary.json]" time="0.001" /><testcase classname="tests.test_phase2_artifact_registry" name="test_source_policy_rejects[ARC_SUMMARY-arc_summary-workspace/summaries/arc_001_summary.json]" time="0.000" /><testcase classname="tests.test_phase2_artifact_registry" name="test_source_policy_rejects[RETRIEVAL_TRACE-retrieval_trace-workspace/retrieval_traces/ch_001.jsonl]" time="0.000" /><testcase classname="tests.test_phase2_artifact_registry" name="test_source_policy_rejects[PHASE2_META-phase2_meta-workspace/phase2/meta.json]" time="0.000" /><testcase classname="tests.test_phase2_artifact_registry" name="test_source_policy_rejects[NARRATIVE_GRAPH_INDEX-narrative_graph_index-workspace/narrative_graph_index.json]" time="0.001" /><testcase classname="tests.test_phase2_artifact_registry" name="test_source_policy_rejects[FORESHADOW_LIFECYCLE_INDEX-foreshadow_lifecycle_index-workspace/foreshadow_lifecycle_index.json]" time="0.000" /><testcase classname="tests.test_phase2_artifact_registry" name="test_source_policy_rejects[GRAPH_HEALTH_REPORT-graph_health_report-workspace/reports/graph_health_report.md]" time="0.000" /><testcase classname="tests.test_phase2_artifact_registry" name="test_source_policy_rejects[FORESHADOW_LIFECYCLE_REPORT-foreshadow_lifecycle_report-workspace/reports/foreshadow_lifecycle_report.md]" time="0.001" /><testcase classname="tests.test_phase2_artifact_registry" name="test_source_policy_rejects[CHARACTER_STATE_SNAPSHOT-character_state_snapshot-workspace/character_state/char_a.json]" time="0.000" /><testcase classname="tests.test_phase2_artifact_registry" name="test_source_policy_rejects[CHARACTER_DRIFT_REPORT-character_drift_report-workspace/reports/character_drift_report.md]" time="0.001" /><testcase classname="tests.test_phase2_artifact_registry" name="test_source_policy_rejects[DRIFT_HEALTH_REPORT-drift_health_report-workspace/reports/drift_health_report.md]" time="0.000" /><testcase classname="tests.test_phase2_artifact_registry" name="test_source_policy_rejects[STRUCTURED_AUDIT_REPORT-structured_audit_report-workspace/reports/structured_audit_report.md]" time="0.001" /><testcase classname="tests.test_phase2_artifact_registry" name="test_source_policy_rejects[ARC_PLAN-arc_plan-workspace/arc_plan/arc_001_arc_plan.json]" time="0.000" /><testcase classname="tests.test_phase2_artifact_registry" name="test_source_policy_rejects[CHAPTER_BEAT_PLAN-chapter_beat_plan-workspace/arc_plan/arc_001_ch_001_beat_plan.json]" time="0.000" /><testcase classname="tests.test_phase2_artifact_registry" name="test_source_policy_rejects[ARC_HEALTH_REPORT-arc_health_report-workspace/reports/arc_health_report.md]" time="0.000" /><testcase classname="tests.test_phase2_artifact_registry" name="test_source_policy_rejects[ARC_PLANNING_TRACE-arc_planning_trace-workspace/retrieval_traces/arc_001_planning.jsonl]" time="0.000" /><testcase classname="tests.test_phase2_artifact_registry" name="test_registry_count" time="0.000" /><testcase classname="tests.test_phase2_baseline_regression" name="test_derived_artifact_policy_recognizes[workspace/summaries/ch_001_summary.json]" time="0.000" /><testcase classname="tests.test_phase2_baseline_regression" name="test_derived_artifact_policy_recognizes[workspace/summaries/arc_001_summary.json]" time="0.000" /><testcase classname="tests.test_phase2_baseline_regression" name="test_derived_artifact_policy_recognizes[workspace/reports/graph_health_report.md]" time="0.000" /><testcase classname="tests.test_phase2_baseline_regression" name="test_derived_artifact_policy_recognizes[workspace/retrieval_traces/ch_001.jsonl]" time="0.000" /><testcase classname="tests.test_phase2_baseline_regression" name="test_derived_artifact_policy_recognizes[workspace/phase2/meta.json]" time="0.000" /><testcase classname="tests.test_phase2_baseline_regression" name="test_derived_artifact_policy_recognizes[workspace/narrative_graph_index.json]" time="0.000" /><testcase classname="tests.test_phase2_baseline_regression" name="test_derived_artifact_policy_recognizes[workspace/foreshadow_lifecycle_index.json]" time="0.000" /><testcase classname="tests.test_phase2_baseline_regression" name="test_derived_artifact_policy_recognizes[workspace/character_state/char_a.json]" time="0.000" /><testcase classname="tests.test_phase2_baseline_regression" name="test_derived_artifact_policy_recognizes[workspace/arc_plan/arc_001_arc_plan.json]" time="0.000" /><testcase classname="tests.test_phase2_baseline_regression" name="test_source_policy_rejects_as_source[workspace/summaries/ch_001_summary.json]" time="0.000" /><testcase classname="tests.test_phase2_baseline_regression" name="test_source_policy_rejects_as_source[workspace/summaries/arc_001_summary.json]" time="0.000" /><testcase classname="tests.test_phase2_baseline_regression" name="test_source_policy_rejects_as_source[workspace/reports/graph_health_report.md]" time="0.000" /><testcase classname="tests.test_phase2_baseline_regression" name="test_source_policy_rejects_as_source[workspace/retrieval_traces/ch_001.jsonl]" time="0.000" /><testcase classname="tests.test_phase2_baseline_regression" name="test_source_policy_rejects_as_source[workspace/phase2/meta.json]" time="0.000" /><testcase classname="tests.test_phase2_baseline_regression" name="test_source_policy_rejects_as_source[workspace/narrative_graph_index.json]" time="0.000" /><testcase classname="tests.test_phase2_baseline_regression" name="test_source_policy_rejects_as_source[workspace/foreshadow_lifecycle_index.json]" time="0.000" /><testcase classname="tests.test_phase2_baseline_regression" name="test_source_policy_rejects_as_source[workspace/character_state/char_a.json]" time="0.000" /><testcase classname="tests.test_phase2_baseline_regression" name="test_source_policy_rejects_as_source[workspace/arc_plan/arc_001_arc_plan.json]" time="0.000" /><testcase classname="tests.test_phase2_baseline_regression" name="test_derived_not_enter_apply[workspace/summaries/ch_001_summary.json]" time="0.006" /><testcase classname="tests.test_phase2_baseline_regression" name="test_derived_not_enter_apply[workspace/summaries/arc_001_summary.json]" time="0.006" /><testcase classname="tests.test_phase2_baseline_regression" name="test_derived_not_enter_apply[workspace/reports/graph_health_report.md]" time="0.006" /><testcase classname="tests.test_phase2_baseline_regression" name="test_derived_not_enter_apply[workspace/retrieval_traces/ch_001.jsonl]" time="0.006" /><testcase classname="tests.test_phase2_baseline_regression" name="test_derived_not_enter_apply[workspace/phase2/meta.json]" time="0.006" /><testcase classname="tests.test_phase2_baseline_regression" name="test_derived_not_enter_apply[workspace/narrative_graph_index.json]" time="0.006" /><testcase classname="tests.test_phase2_baseline_regression" name="test_derived_not_enter_apply[workspace/foreshadow_lifecycle_index.json]" time="0.006" /><testcase classname="tests.test_phase2_baseline_regression" name="test_derived_not_enter_apply[workspace/character_state/char_a.json]" time="0.006" /><testcase classname="tests.test_phase2_baseline_regression" name="test_derived_not_enter_apply[workspace/arc_plan/arc_001_arc_plan.json]" time="0.006" /><testcase classname="tests.test_phase2_change_gate_script" name="test_change_gate_milestone0_pass" time="0.059" /><testcase classname="tests.test_phase2_change_gate_script" name="test_change_gate_milestone0_fail" time="0.059" /><testcase classname="tests.test_phase2_change_gate_script" name="test_change_gate_change1_pass" time="0.061" /><testcase classname="tests.test_phase2_context_provider" name="test_legacy_mode_returns_no_trace" time="0.004" /><testcase classname="tests.test_phase2_context_provider" name="test_shadow_mode_returns_trace" time="0.004" /><testcase classname="tests.test_phase2_context_provider" name="test_all_roles_return_consistent_format" time="0.005" /><testcase classname="tests.test_phase2_context_provider" name="test_env_variable_override" time="0.004" /><testcase classname="tests.test_phase2_context_provider" name="test_default_mode_is_legacy" time="0.003" /><testcase classname="tests.test_phase2_failure_isolation_config" name="test_legacy_default_is_best_effort" time="0.002" /><testcase classname="tests.test_phase2_failure_isolation_config" name="test_shadow_default_is_chapter" time="0.002" /><testcase classname="tests.test_phase2_failure_isolation_config" name="test_active_default_is_strict" time="0.002" /><testcase classname="tests.test_phase2_failure_isolation_config" name="test_env_override" time="0.002" /><testcase classname="tests.test_phase2_failure_isolation_config" name="test_active_rejects_best_effort" time="0.002" /><testcase classname="tests.test_phase2_failure_isolation_config" name="test_invalid_env_value" time="0.002" /><testcase classname="tests.test_phase2_failure_isolation_config" name="test_failure_isolation_defaults_cover_all_modes" time="0.000" /><testcase classname="tests.test_phase2_flow_active_integration" name="test_active_mode_uses_retrieval_builder" time="0.004" /><testcase classname="tests.test_phase2_flow_active_integration" name="test_active_mode_respects_budget" time="0.004" /><testcase classname="tests.test_phase2_flow_active_integration" name="test_legacy_mode_unchanged" time="0.004" /><testcase classname="tests.test_phase2_flow_active_integration" name="test_shadow_mode_unchanged" time="0.004" /><testcase classname="tests.test_phase2_flow_active_integration" name="test_active_mode_all_roles" time="0.006" /><testcase classname="tests.test_phase2_manifest_schema" name="test_derived_artifact_entry_defaults" time="0.000" /><testcase classname="tests.test_phase2_manifest_schema" name="test_input_manifest_instantiation" time="0.000" /><testcase classname="tests.test_phase2_manifest_schema" name="test_phase2_manifest_full" time="0.000" /><testcase classname="tests.test_phase2_manifest_schema" name="test_manifest_serialization" time="0.000" /><testcase classname="tests.test_phase2_manifest_schema" name="test_manifest_none_input" time="0.000" /><testcase classname="tests.test_phase2_ranking_contract" name="test_sort_key_deterministic" time="0.000" /><testcase classname="tests.test_phase2_ranking_contract" name="test_sort_ordering_by_trust_level" time="0.000" /><testcase classname="tests.test_phase2_ranking_contract" name="test_sort_ordering_among_derived" time="0.000" /><testcase classname="tests.test_phase2_retrieval_schema" name="test_retrieval_trace_new_fields_defaults" time="0.000" /><testcase classname="tests.test_phase2_retrieval_schema" name="test_retrieval_trace_with_generation_id" time="0.000" /><testcase classname="tests.test_phase2_retrieval_schema" name="test_trace_write_failed_requires_error" time="0.000" /><testcase classname="tests.test_phase2_retrieval_schema" name="test_trace_write_failed_with_error" time="0.000" /><testcase classname="tests.test_phase2_retrieval_schema" name="test_retrieved_context_item_selection_reason" time="0.000" /><testcase classname="tests.test_phase2_retrieval_schema" name="test_derived_graph_trust_level" time="0.000" /><testcase classname="tests.test_phase2_retrieval_schema" name="test_derived_graph_rejects_not_derived" time="0.000" /><testcase classname="tests.test_phase2_retrieval_schema_baseline" name="test_retrieval_request_instantiation" time="0.000" /><testcase classname="tests.test_phase2_retrieval_schema_baseline" name="test_retrieved_context_item_instantiation" time="0.000" /><testcase classname="tests.test_phase2_retrieval_schema_baseline" name="test_retrieval_trace_instantiation" time="0.000" /><testcase classname="tests.test_phase2_retrieval_schema_baseline" name="test_retrieval_sort_key_deterministic" time="0.000" /><testcase classname="tests.test_phase2_retrieval_schema_baseline" name="test_trust_level_priority_complete" time="0.000" /><testcase classname="tests.test_phase2_retrieval_schema_baseline" name="test_trust_level_source_layer_map_complete" time="0.000" /><testcase classname="tests.test_phase2_retrieval_schema_baseline" name="test_fallback_reason_enum" time="0.000" /><testcase classname="tests.test_phase2_retrieval_schema_baseline" name="test_context_builder_mode_enum" time="0.000" /><testcase classname="tests.test_phase2_retrieval_schema_baseline" name="test_protocol_version_enum" time="0.000" /><testcase classname="tests.test_phase2_retrieval_trace_write" name="test_write_trace_creates_jsonl" time="0.002" /><testcase classname="tests.test_phase2_retrieval_trace_write" name="test_write_trace_append" time="0.003" /><testcase classname="tests.test_phase2_retrieval_trace_write" name="test_write_trace_non_fatal_on_bad_path" time="0.002" /><testcase classname="tests.test_phase2_retrieval_trust_levels" name="test_all_trust_levels_have_priority" time="0.000" /><testcase classname="tests.test_phase2_retrieval_trust_levels" name="test_all_trust_levels_have_source_layer_map" time="0.000" /><testcase classname="tests.test_phase2_retrieval_trust_levels" name="test_derived_levels_have_none_source_layer" time="0.000" /><testcase classname="tests.test_phase2_retrieval_trust_levels" name="test_derived_priority_ordering" time="0.000" /><testcase classname="tests.test_phase2_retrieval_trust_levels" name="test_derived_levels_not_in_hash_required" time="0.000" /><testcase classname="tests.test_phase2_trace_failure_policy" name="test_write_trace_returns_true_on_success" time="0.002" /><testcase classname="tests.test_phase2_trace_failure_policy" name="test_write_trace_returns_false_on_failure" time="0.002" /><testcase classname="tests.test_phase2_trace_failure_policy" name="test_shadow_mode_is_not_active" time="0.000" /><testcase classname="tests.test_phase2_trace_failure_policy" name="test_legacy_mode_is_not_active" time="0.000" /><testcase classname="tests.test_phase2_trace_failure_policy" name="test_active_modes_defined" time="0.000" /><testcase classname="tests.test_phase2_trace_failure_policy" name="test_active_mode_returns_true" time="0.000" /><testcase classname="tests.test_phase3_entry_gate" name="test_gate1_generation_lifecycle" time="0.007" /><testcase classname="tests.test_phase3_entry_gate" name="test_gate2_builder_auto_register" time="0.008" /><testcase classname="tests.test_phase3_entry_gate" name="test_gate3_retrieval_validator" time="0.007" /><testcase classname="tests.test_phase3_entry_gate" name="test_gate4_rebuild_orchestrator" time="0.006" /><testcase classname="tests.test_phase3_entry_gate" name="test_gate5_independent_profiles" time="0.005" /><testcase classname="tests.test_phase3_entry_gate" name="test_gate6_retrieval_active_mode" time="0.004" /><testcase classname="tests.test_phase3_entry_gate" name="test_gate7_arc_active_validator" time="0.002" /><testcase classname="tests.test_phase3_entry_gate" name="test_gate8_30_chapter_stress" time="0.002" /><testcase classname="tests.test_phase3_entry_gate" name="test_gate9_performance_hard_gate" time="0.000" /><testcase classname="tests.test_phase3_entry_gate" name="test_gate10_structured_auditor" time="0.002" /><testcase classname="tests.test_phase3_entry_gate" name="test_gate11_drift_streak" time="0.002" /><testcase classname="tests.test_phase3_entry_gate" name="test_gate12_drift_gold_dataset" time="0.001" /><testcase classname="tests.test_phase3_entry_gate" name="test_gate13_change_gate_exists" time="0.000" /><testcase classname="tests.test_phase_gate_1" name="test_phase_gate_1_full_dry_run_replay" time="0.022" /><testcase classname="tests.test_project_init" name="test_init_creates_structure" time="0.004" /><testcase classname="tests.test_proposal_extraction" name="test_pure_json" time="0.000" /><testcase classname="tests.test_proposal_extraction" name="test_json_with_whitespace" time="0.000" /><testcase classname="tests.test_proposal_extraction" name="test_markdown_code_block" time="0.000" /><testcase classname="tests.test_proposal_extraction" name="test_markdown_code_block_no_lang" time="0.000" /><testcase classname="tests.test_proposal_extraction" name="test_crewai_wrapped_output" time="0.000" /><testcase classname="tests.test_proposal_extraction" name="test_nested_json" time="0.000" /><testcase classname="tests.test_proposal_extraction" name="test_no_schema_version" time="0.000" /><testcase classname="tests.test_proposal_extraction" name="test_garbage_text" time="0.000" /><testcase classname="tests.test_proposal_extraction" name="test_empty_string" time="0.000" /><testcase classname="tests.test_proposal_extraction" name="test_multiple_json_objects" time="0.001" /><testcase classname="tests.test_proposal_extraction" name="test_crewai_tool_output_style" time="0.000" /><testcase classname="tests.test_protocol_enums" name="test_source_layer_values" time="0.000" /><testcase classname="tests.test_protocol_enums" name="test_source_layer_invalid" time="0.000" /><testcase classname="tests.test_protocol_enums" name="test_artifact_type_phase2_values" time="0.000" /><testcase classname="tests.test_protocol_enums" name="test_artifact_type_phase1_preserved" time="0.000" /><testcase classname="tests.test_protocol_enums" name="test_artifact_type_invalid" time="0.000" /><testcase classname="tests.test_protocol_enums" name="test_artifact_type_phase2_future_values" time="0.000" /><testcase classname="tests.test_protocol_enums" name="test_protocol_version" time="0.000" /><testcase classname="tests.test_protocol_enums" name="test_retrieval_trust_level" time="0.000" /><testcase classname="tests.test_protocol_enums" name="test_retrieval_fallback_reason" time="0.000" /><testcase classname="tests.test_protocol_enums" name="test_context_builder_mode" time="0.000" /><testcase classname="tests.test_protocol_enums" name="test_hash_strategy" time="0.000" /><testcase classname="tests.test_protocol_enums" name="test_enum_string_comparison" time="0.000" /><testcase classname="tests.test_protocol_version" name="test_phase2_meta_default" time="0.000" /><testcase classname="tests.test_protocol_version" name="test_protocol_version_incompatible" time="0.000" /><testcase classname="tests.test_protocol_version" name="test_rebuild_required_on_mismatch" time="0.000" /><testcase classname="tests.test_protocol_version" name="test_compatible_versions" time="0.000" /><testcase classname="tests.test_rebuild_lock" name="test_acquire_and_release" time="0.007" /><testcase classname="tests.test_rebuild_lock" name="test_double_acquire_fails" time="0.003" /><testcase classname="tests.test_rebuild_lock" name="test_force_release" time="0.003" /><testcase classname="tests.test_rebuild_lock" name="test_expired_lock_auto_releases" time="0.002" /><testcase classname="tests.test_rebuild_lock" name="test_get_lock_info" time="0.002" /><testcase classname="tests.test_rebuild_lock" name="test_release_nonexistent_lock" time="0.002" /><testcase classname="tests.test_rebuild_orchestrator" name="test_rebuild_summary" time="0.005" /><testcase classname="tests.test_rebuild_orchestrator" name="test_rebuild_registers_in_manifest" time="0.005" /><testcase classname="tests.test_rebuild_orchestrator" name="test_rebuild_concurrent_fails" time="0.003" /><testcase classname="tests.test_rebuild_orchestrator" name="test_rebuild_releases_lock" time="0.005" /><testcase classname="tests.test_rebuild_orchestrator" name="test_rebuild_arc_level" time="0.004" /><testcase classname="tests.test_retrieval_active_validation" name="test_valid_summary_passes" time="0.003" /><testcase classname="tests.test_retrieval_active_validation" name="test_missing_manifest_entry_fails" time="0.002" /><testcase classname="tests.test_retrieval_active_validation" name="test_stale_summary_fails" time="0.003" /><testcase classname="tests.test_retrieval_active_validation" name="test_missing_file_fails" time="0.003" /><testcase classname="tests.test_retrieval_active_validation" name="test_validate_all_chapters" time="0.004" /><testcase classname="tests.test_retrieval_context_builder" name="test_build_returns_context_and_trace" time="0.005" /><testcase classname="tests.test_retrieval_context_builder" name="test_build_includes_canon_and_summary" time="0.005" /><testcase classname="tests.test_retrieval_context_builder" name="test_budget_enforcement" time="0.005" /><testcase classname="tests.test_retrieval_context_builder" name="test_all_selected_have_source" time="0.005" /><testcase classname="tests.test_retrieval_context_builder" name="test_missing_sources_handled" time="0.002" /><testcase classname="tests.test_retrieval_context_builder" name="test_current_chapter_summary_excluded" time="0.005" /><testcase classname="tests.test_retrieval_deterministic_ordering" name="test_canonical_before_summary" time="0.000" /><testcase classname="tests.test_retrieval_deterministic_ordering" name="test_ledger_before_working_state" time="0.000" /><testcase classname="tests.test_retrieval_deterministic_ordering" name="test_runtime_context_last" time="0.000" /><testcase classname="tests.test_retrieval_deterministic_ordering" name="test_same_trust_by_priority" time="0.000" /><testcase classname="tests.test_retrieval_deterministic_ordering" name="test_same_priority_by_path" time="0.000" /><testcase classname="tests.test_retrieval_deterministic_ordering" name="test_deterministic_output" time="0.000" /><testcase classname="tests.test_retrieval_deterministic_ordering" name="test_10_runs_deterministic" time="0.000" /><testcase classname="tests.test_retrieval_deterministic_ordering" name="test_path_normalization_in_sort" time="0.000" /><testcase classname="tests.test_retrieval_trace" name="test_trace_schema_valid" time="0.000" /><testcase classname="tests.test_retrieval_trace" name="test_trace_with_fallback" time="0.000" /><testcase classname="tests.test_retrieval_trace" name="test_trace_append_only_behavior" time="0.003" /><testcase classname="tests.test_retrieval_trace" name="test_trace_chapter_isolation" time="0.003" /><testcase classname="tests.test_retrieval_trust_matrix" name="test_canonical_with_canon_layer" time="0.000" /><testcase classname="tests.test_retrieval_trust_matrix" name="test_canonical_with_draft_layer_rejected" time="0.000" /><testcase classname="tests.test_retrieval_trust_matrix" name="test_canonical_without_hash_rejected" time="0.000" /><testcase classname="tests.test_retrieval_trust_matrix" name="test_ledger_fact_requires_hash" time="0.000" /><testcase classname="tests.test_retrieval_trust_matrix" name="test_working_state_with_correct_layer" time="0.000" /><testcase classname="tests.test_retrieval_trust_matrix" name="test_derived_summary_with_draft_layer" time="0.000" /><testcase classname="tests.test_retrieval_trust_matrix" name="test_derived_summary_must_be_derived" time="0.000" /><testcase classname="tests.test_retrieval_trust_matrix" name="test_runtime_context_no_source" time="0.000" /><testcase classname="tests.test_retrieval_trust_matrix" name="test_runtime_context_with_source_rejected" time="0.000" /><testcase classname="tests.test_retrieval_trust_matrix" name="test_runtime_context_with_hash_rejected" time="0.000" /><testcase classname="tests.test_retrieval_trust_matrix" name="test_canonical_must_not_be_derived" time="0.000" /><testcase classname="tests.test_review_convergent" name="test_converge_single_review" time="0.000" /><testcase classname="tests.test_review_convergent" name="test_converge_multiple_reviews_dedup" time="0.000" /><testcase classname="tests.test_review_convergent" name="test_converge_cap_at_5" time="0.000" /><testcase classname="tests.test_review_convergent" name="test_parse_reviewer_output" time="0.000" /><testcase classname="tests.test_revision_loop" name="test_mark_chapters_rejected_cascades" time="0.008" /><testcase classname="tests.test_schemas_arc_state" name="test_arc_state_entry_default" time="0.000" /><testcase classname="tests.test_schemas_arc_state" name="test_arc_state_entry_with_deps" time="0.000" /><testcase classname="tests.test_schemas_gate" name="test_gate_record_valid" time="0.000" /><testcase classname="tests.test_schemas_gate" name="test_gate_record_missing_evidence_rejected" time="0.000" /><testcase classname="tests.test_schemas_gate" name="test_gate_record_rejected_no_evidence_required" time="0.000" /><testcase classname="tests.test_schemas_gate" name="test_rejected_gate_requires_evidence" time="0.000" /><testcase classname="tests.test_schemas_ledgers" name="test_timeline_event" time="0.000" /><testcase classname="tests.test_schemas_ledgers" name="test_character_knowledge" time="0.000" /><testcase classname="tests.test_schemas_ledgers" name="test_foreshadow_entry" time="0.000" /><testcase classname="tests.test_schemas_proposal" name="test_proposal_valid_timeline" time="0.000" /><testcase classname="tests.test_schemas_proposal" name="test_proposal_missing_evidence" time="0.000" /><testcase classname="tests.test_schemas_review" name="test_review_report_defaults" time="0.000" /><testcase classname="tests.test_schemas_review" name="test_review_report_with_issues" time="0.000" /><testcase classname="tests.test_schemas_review" name="test_revision_brief" time="0.000" /><testcase classname="tests.test_source_artifact_denylist" name="test_denylisted_paths[workspace/metrics.jsonl]" time="0.000" /><testcase classname="tests.test_source_artifact_denylist" name="test_denylisted_paths[workspace/retrieval_traces/ch_001.jsonl]" time="0.000" /><testcase classname="tests.test_source_artifact_denylist" name="test_denylisted_paths[workspace/retrieval_traces/ch_999.jsonl]" time="0.000" /><testcase classname="tests.test_source_artifact_denylist" name="test_denylisted_paths[workspace/reports/arc_health_report.md]" time="0.001" /><testcase classname="tests.test_source_artifact_denylist" name="test_denylisted_paths[workspace/reports/character_drift_report.md]" time="0.000" /><testcase classname="tests.test_source_artifact_denylist" name="test_denylisted_paths[workspace/reports/foreshadow_lifecycle_report.md]" time="0.000" /><testcase classname="tests.test_source_artifact_denylist" name="test_denylisted_paths[workspace/phase2/meta.json]" time="0.000" /><testcase classname="tests.test_source_artifact_denylist" name="test_derived_summary_paths[workspace/summaries/ch_001_summary.json]" time="0.000" /><testcase classname="tests.test_source_artifact_denylist" name="test_derived_summary_paths[workspace/summaries/arc_001_summary.json]" time="0.000" /><testcase classname="tests.test_source_artifact_policy" name="test_valid_draft_source" time="0.000" /><testcase classname="tests.test_source_artifact_policy" name="test_valid_canon_outline" time="0.000" /><testcase classname="tests.test_source_artifact_policy" name="test_valid_canon_manuscript" time="0.000" /><testcase classname="tests.test_source_artifact_policy" name="test_valid_canon_characters" time="0.000" /><testcase classname="tests.test_source_artifact_policy" name="test_valid_arc_working_state" time="0.000" /><testcase classname="tests.test_source_artifact_policy" name="test_workspace_summary_rejected" time="0.000" /><testcase classname="tests.test_source_artifact_policy" name="test_workspace_metrics_denylisted" time="0.000" /><testcase classname="tests.test_source_artifact_policy" name="test_workspace_traces_denylisted" time="0.000" /><testcase classname="tests.test_source_artifact_policy" name="test_workspace_reports_denylisted" time="0.000" /><testcase classname="tests.test_source_artifact_policy" name="test_workspace_phase2_denylisted" time="0.000" /><testcase classname="tests.test_source_artifact_policy" name="test_invalid_source_layer" time="0.000" /><testcase classname="tests.test_source_artifact_policy" name="test_unknown_source_layer_with_valid_path" time="0.000" /><testcase classname="tests.test_source_artifact_policy" name="test_layer_path_mismatch" time="0.000" /><testcase classname="tests.test_source_artifact_policy" name="test_canon_layer_with_draft_path" time="0.000" /><testcase classname="tests.test_source_artifact_policy" name="test_is_derived_source" time="0.000" /><testcase classname="tests.test_stress_30_chapters" name="test_stress_30_chapters_context_bounded" time="0.069" /><testcase classname="tests.test_stress_30_chapters" name="test_stress_30_chapters_summaries_generated" time="0.070" /><testcase classname="tests.test_stress_30_chapters" name="test_stress_30_chapters_traces_written" time="0.057" /><testcase classname="tests.test_stress_30_chapters" name="test_stress_30_context_growth_sublinear" time="0.075" /><testcase classname="tests.test_stress_50_chapters" name="test_stress_50_summaries_generated" time="0.112" /><testcase classname="tests.test_stress_50_chapters" name="test_stress_50_traces_written" time="0.071" /><testcase classname="tests.test_stress_50_chapters" name="test_stress_50_context_bounded" time="0.086" /><testcase classname="tests.test_stress_50_chapters" name="test_stress_50_growth_sublinear" time="0.088" /><testcase classname="tests.test_stress_50_chapters" name="test_stress_50_graph_budget" time="0.081" /><testcase classname="tests.test_summary_multi_candidate_resolution" name="test_single_active_summary" time="0.003" /><testcase classname="tests.test_summary_multi_candidate_resolution" name="test_active_path_protocol" time="0.000" /><testcase classname="tests.test_summary_multi_candidate_resolution" name="test_multiple_candidates_error" time="0.000" /><testcase classname="tests.test_summary_multi_candidate_resolution" name="test_tmp_file_not_read_by_retrieval" time="0.000" /><testcase classname="tests.test_summary_staleness" name="test_summary_hash_matches_draft" time="0.003" /><testcase classname="tests.test_summary_staleness" name="test_summary_stale_after_draft_modified" time="0.004" /><testcase classname="tests.test_summary_staleness" name="test_stale_detection_protocol" time="0.000" /><testcase classname="tests.test_summary_staleness" name="test_summary_source_path_must_match" time="0.000" /><testcase classname="tests.test_validators" name="test_schema_validator_pass" time="0.000" /><testcase classname="tests.test_validators" name="test_schema_validator_missing" time="0.000" /><testcase classname="tests.test_validators" name="test_schema_validator_unknown" time="0.000" /><testcase classname="tests.test_validators" name="test_gate_validator_approved_with_evidence" time="0.000" /><testcase classname="tests.test_validators" name="test_gate_validator_approved_empty_evidence" time="0.000" /><testcase classname="tests.test_validators" name="test_proposal_validator_pass" time="0.005" /><testcase classname="tests.test_validators" name="test_proposal_validator_invalid_operation" time="0.006" /></testsuite></testsuites>